#0 building with "desktop-linux" instance using docker driver

#1 [internal] load build definition from Dockerfile
#1 transferring dockerfile: 2.30kB done
#1 DONE 0.0s

#2 [internal] load metadata for docker.io/rocker/r-ver:4.5.1
#2 ...

#3 [auth] rocker/r-ver:pull token for registry-1.docker.io
#3 DONE 0.0s

#2 [internal] load metadata for docker.io/rocker/r-ver:4.5.1
#2 DONE 0.5s

#4 [internal] load .dockerignore
#4 transferring context: 238B done
#4 DONE 0.0s

#5 [ 1/17] FROM docker.io/rocker/r-ver:4.5.1@sha256:03b023fbf7b1b24ac1bb8b2ac5fd7e15a767e67b40ff50c155e328110981c2aa
#5 resolve docker.io/rocker/r-ver:4.5.1@sha256:03b023fbf7b1b24ac1bb8b2ac5fd7e15a767e67b40ff50c155e328110981c2aa done
#5 DONE 0.0s

#6 [internal] load build context
#6 transferring context: 30.50MB 0.3s done
#6 DONE 0.3s

#7 [ 2/17] RUN apt-get update && apt-get install -y     build-essential     gfortran     cmake     ghostscript     pandoc     imagemagick     libxml2-dev     libcurl4-openssl-dev     libssl-dev     libgit2-dev     libfontconfig1-dev     libfreetype6-dev     libpng-dev     libtiff5-dev     libjpeg-dev     libcairo2-dev     libxt-dev     libharfbuzz-dev     libfribidi-dev     wget     perl     libhdf5-dev     libnetcdf-dev     libfftw3-dev     libgsl-dev     libgmp-dev     libglpk-dev     graphviz     libgraphviz-dev     gdal-bin     git     libgdal-dev     libmagick++-dev     && rm -rf /var/lib/apt/lists/*
#7 CACHED

#8 [ 3/17] RUN Rscript -e "install.packages('renv', repos='https://cloud.r-project.org')"
#8 CACHED

#9 [ 4/17] WORKDIR /analysis
#9 CACHED

#10 [ 5/17] COPY renv.lock renv.lock
#10 DONE 0.1s

#11 [ 6/17] COPY .Rprofile .Rprofile
#11 DONE 0.0s

#12 [ 7/17] COPY renv/activate.R renv/activate.R
#12 DONE 0.0s

#13 [ 8/17] COPY renv/settings.json renv/settings.json
#13 DONE 0.0s

#14 [ 9/17] COPY DESCRIPTION .
#14 DONE 0.0s

#15 [10/17] COPY R/ R/
#15 DONE 0.0s

#16 [11/17] COPY All_Run/ All_Run/
#16 DONE 0.0s

#17 [12/17] COPY Databases/ Databases/
#17 DONE 0.0s

#18 [13/17] COPY Outputs/ Outputs/
#18 DONE 0.1s

#19 [14/17] COPY [Supporting Information/, Supporting Information/]
#19 DONE 0.0s

#20 [15/17] RUN Rscript -e "renv::restore()"
#20 0.347 # Bootstrapping renv 1.1.5 ---------------------------------------------------
#20 0.347 - Downloading renv ... OK
#20 3.743 - Installing renv  ... OK
#20 11.02 
#20 11.54 - GitHub authentication credentials are not available.
#20 11.54 - Please set GITHUB_PAT, or ensure the 'gitcreds' package is installed.
#20 11.54 - See https://usethis.r-lib.org/articles/git-credentials.html for more details.
#20 18.19 - One or more packages recorded in the lockfile are not installed.
#20 18.19 - Use `renv::status()` for more details.
#20 18.54 The following package(s) will be updated:
#20 18.54 
#20 18.54 # Bioconductor 3.21 ----------------------------------------------------------
#20 18.54 - Biobase             [* -> 2.68.0]
#20 18.54 - BiocGenerics        [* -> 0.54.0]
#20 18.54 - BiocParallel        [* -> 1.42.2]
#20 18.54 - BiocVersion         [* -> 3.21.1]
#20 18.54 - mixOmics            [* -> 6.32.0]
#20 18.54 - multtest            [* -> 2.64.0]
#20 18.54 
#20 18.54 # CRAN -----------------------------------------------------------------------
#20 18.54 - Matrix              [1.7-3 -> 1.7-4]
#20 18.54 - askpass             [* -> 1.2.1]
#20 18.54 - backports           [* -> 1.5.0]
#20 18.54 - base64enc           [* -> 0.1-3]
#20 18.54 - BH                  [* -> 1.87.0-1]
#20 18.54 - bit                 [* -> 4.6.0]
#20 18.54 - bit64               [* -> 4.6.0-1]
#20 18.54 - bitops              [* -> 1.0-9]
#20 18.54 - brew                [* -> 1.0-10]
#20 18.54 - brio                [* -> 1.1.5]
#20 18.54 - broom               [* -> 1.0.10]
#20 18.54 - bslib               [* -> 0.9.0]
#20 18.54 - cachem              [* -> 1.1.0]
#20 18.54 - Cairo               [* -> 1.6-5]
#20 18.54 - callr               [* -> 3.7.6]
#20 18.54 - caret               [* -> 7.0-1]
#20 18.54 - caTools             [* -> 1.18.3]
#20 18.54 - cellranger          [* -> 1.1.0]
#20 18.54 - cli                 [* -> 3.6.5]
#20 18.54 - clipr               [* -> 0.8.0]
#20 18.54 - clock               [* -> 0.7.3]
#20 18.54 - commonmark          [* -> 2.0.0]
#20 18.54 - conflicted          [* -> 1.2.0]
#20 18.54 - corpcor             [* -> 1.6.10]
#20 18.54 - cowplot             [* -> 1.2.0]
#20 18.54 - cpp11               [* -> 0.5.2]
#20 18.54 - crayon              [* -> 1.5.3]
#20 18.54 - credentials         [* -> 2.0.2]
#20 18.54 - curl                [* -> 7.0.0]
#20 18.54 - data.table          [* -> 1.17.8]
#20 18.54 - DEoptimR            [* -> 1.1-4]
#20 18.54 - desc                [* -> 1.4.3]
#20 18.54 - devtools            [* -> 2.4.6]
#20 18.54 - diagram             [* -> 1.6.5]
#20 18.54 - diffobj             [* -> 0.3.6]
#20 18.54 - digest              [* -> 0.6.37]
#20 18.54 - downlit             [* -> 0.4.4]
#20 18.54 - dplyr               [* -> 1.1.4]
#20 18.54 - e1071               [* -> 1.7-16]
#20 18.54 - ellipse             [* -> 0.5.0]
#20 18.54 - ellipsis            [* -> 0.3.2]
#20 18.54 - evaluate            [* -> 1.0.5]
#20 18.54 - fansi               [* -> 1.0.6]
#20 18.54 - farver              [* -> 2.1.2]
#20 18.54 - fastmap             [* -> 1.2.0]
#20 18.54 - flextable           [* -> 0.9.10]
#20 18.54 - fontawesome         [* -> 0.5.3]
#20 18.54 - fontBitstreamVera   [* -> 0.1.1]
#20 18.54 - fontLiberation      [* -> 0.1.0]
#20 18.54 - fontquiver          [* -> 0.2.1]
#20 18.54 - forcats             [* -> 1.0.0]
#20 18.54 - foreach             [* -> 1.5.2]
#20 18.54 - formatR             [* -> 1.14]
#20 18.54 - fs                  [* -> 1.6.6]
#20 18.54 - futile.logger       [* -> 1.4.3]
#20 18.54 - futile.options      [* -> 1.0.1]
#20 18.54 - future              [* -> 1.67.0]
#20 18.54 - future.apply        [* -> 1.20.0]
#20 18.54 - gdtools             [* -> 0.4.4]
#20 18.54 - generics            [* -> 0.1.4]
#20 18.54 - gert                [* -> 2.1.5]
#20 18.54 - ggforce             [* -> 0.5.0]
#20 18.54 - ggplot2             [* -> 3.5.2]
#20 18.54 - ggraph              [* -> 2.2.2]
#20 18.54 - ggrepel             [* -> 0.9.6]
#20 18.54 - gh                  [* -> 1.5.0]
#20 18.54 - gitcreds            [* -> 0.1.2]
#20 18.54 - globals             [* -> 0.18.0]
#20 18.54 - glue                [* -> 1.8.0]
#20 18.54 - gower               [* -> 1.0.2]
#20 18.54 - gplots              [* -> 3.2.0]
#20 18.54 - graphlayouts        [* -> 1.2.2]
#20 18.54 - gridExtra           [* -> 2.3]
#20 18.54 - gsignal             [* -> 0.3-7]
#20 18.54 - gtable              [* -> 0.3.6]
#20 18.54 - gtools              [* -> 3.9.5]
#20 18.54 - hardhat             [* -> 1.4.2]
#20 18.54 - here                [* -> 1.0.2]
#20 18.54 - highr               [* -> 0.11]
#20 18.54 - hms                 [* -> 1.1.4]
#20 18.54 - htmltools           [* -> 0.5.8.1]
#20 18.54 - htmlwidgets         [* -> 1.6.4]
#20 18.54 - httpuv              [* -> 1.6.16]
#20 18.54 - httr2               [* -> 1.2.1]
#20 18.54 - igraph              [* -> 2.1.4]
#20 18.54 - ini                 [* -> 0.3.1]
#20 18.54 - ipred               [* -> 0.9-15]
#20 18.54 - isoband             [* -> 0.2.7]
#20 18.54 - iterators           [* -> 1.0.14]
#20 18.54 - janitor             [* -> 2.2.1]
#20 18.54 - jquerylib           [* -> 0.1.4]
#20 18.54 - jsonlite            [* -> 2.0.0]
#20 18.54 - knitr               [* -> 1.50]
#20 18.54 - labeling            [* -> 0.4.3]
#20 18.54 - lambda.r            [* -> 1.2.4]
#20 18.54 - later               [* -> 1.4.4]
#20 18.54 - lava                [* -> 1.8.1]
#20 18.54 - lifecycle           [* -> 1.0.4]
#20 18.54 - listenv             [* -> 0.9.1]
#20 18.54 - lubridate           [* -> 1.9.4]
#20 18.54 - magick              [* -> 2.8.7]
#20 18.54 - magrittr            [* -> 2.0.4]
#20 18.54 - mathjaxr            [* -> 1.8-0]
#20 18.54 - MatrixModels        [* -> 0.5-4]
#20 18.54 - matrixStats         [* -> 1.5.0]
#20 18.54 - memoise             [* -> 2.0.1]
#20 18.54 - metap               [* -> 1.12]
#20 18.54 - mime                [* -> 0.13]
#20 18.54 - miniUI              [* -> 0.1.2]
#20 18.54 - mnormt              [* -> 2.1.1]
#20 18.54 - ModelMetrics        [* -> 1.2.2.2]
#20 18.54 - multcomp            [* -> 1.4-28]
#20 18.54 - mutoss              [* -> 0.1-13]
#20 18.54 - mvtnorm             [* -> 1.3-3]
#20 18.54 - numDeriv            [* -> 2016.8-1.1]
#20 18.54 - officer             [* -> 0.7.0]
#20 18.54 - openssl             [* -> 2.3.4]
#20 18.54 - parallelly          [* -> 1.45.1]
#20 18.54 - patchwork           [* -> 1.3.2]
#20 18.54 - pillar              [* -> 1.11.1]
#20 18.54 - pkgbuild            [* -> 1.4.8]
#20 18.54 - pkgconfig           [* -> 2.0.3]
#20 18.54 - pkgdown             [* -> 2.1.3]
#20 18.54 - pkgload             [* -> 1.4.1]
#20 18.54 - plotrix             [* -> 3.8-4]
#20 18.54 - pls                 [* -> 2.8-5]
#20 18.54 - plyr                [* -> 1.8.9]
#20 18.54 - polyclip            [* -> 1.10-7]
#20 18.54 - pracma              [* -> 2.4.4]
#20 18.54 - praise              [* -> 1.0.0]
#20 18.54 - prettyunits         [* -> 1.2.0]
#20 18.54 - pROC                [* -> 1.19.0.1]
#20 18.54 - processx            [* -> 3.8.6]
#20 18.54 - prodlim             [* -> 2025.04.28]
#20 18.54 - profvis             [* -> 0.4.0]
#20 18.54 - progress            [* -> 1.2.3]
#20 18.54 - progressr           [* -> 0.16.0]
#20 18.54 - promises            [* -> 1.3.3]
#20 18.54 - proxy               [* -> 0.4-27]
#20 18.54 - ps                  [* -> 1.9.1]
#20 18.54 - purrr               [* -> 1.1.0]
#20 18.54 - pwr                 [* -> 1.3-0]
#20 18.54 - qqconf              [* -> 1.3.2]
#20 18.54 - quantreg            [* -> 6.1]
#20 18.54 - R6                  [* -> 2.6.1]
#20 18.54 - ragg                [* -> 1.5.0]
#20 18.54 - randomForest        [* -> 4.7-1.2]
#20 18.54 - rappdirs            [* -> 0.3.3]
#20 18.54 - rARPACK             [* -> 0.11-0]
#20 18.54 - raster              [* -> 3.6-32]
#20 18.54 - rbibutils           [* -> 2.3]
#20 18.54 - rcmdcheck           [* -> 1.4.0]
#20 18.54 - RColorBrewer        [* -> 1.1-3]
#20 18.54 - Rcpp                [* -> 1.1.0]
#20 18.54 - RcppArmadillo       [* -> 15.0.1-1]
#20 18.54 - RcppEigen           [* -> 0.3.4.0.2]
#20 18.54 - Rdpack              [* -> 2.6.4]
#20 18.54 - readr               [* -> 2.1.5]
#20 18.54 - readxl              [* -> 1.4.5]
#20 18.54 - recipes             [* -> 1.3.1]
#20 18.54 - rematch             [* -> 2.0.0]
#20 18.54 - remotes             [* -> 2.5.0]
#20 18.54 - reshape2            [* -> 1.4.4]
#20 18.54 - rgl                 [* -> 1.3.24]
#20 18.54 - RJSONIO             [* -> 2.0.0]
#20 18.54 - rlang               [* -> 1.1.6]
#20 18.54 - rmarkdown           [* -> 2.30]
#20 18.54 - robustbase          [* -> 0.99-6]
#20 18.54 - roxygen2            [* -> 7.3.3]
#20 18.54 - rprojroot           [* -> 2.1.1]
#20 18.54 - RSpectra            [* -> 0.16-2]
#20 18.54 - rstudioapi          [* -> 0.17.1]
#20 18.54 - rversions           [* -> 2.1.2]
#20 18.54 - sandwich            [* -> 3.1-1]
#20 18.54 - sass                [* -> 0.4.10]
#20 18.54 - scales              [* -> 1.4.0]
#20 18.54 - scatterplot3d       [* -> 0.3-44]
#20 18.54 - sessioninfo         [* -> 1.2.3]
#20 18.54 - shape               [* -> 1.4.6.1]
#20 18.54 - shiny               [* -> 1.11.1]
#20 18.54 - sn                  [* -> 2.1.1]
#20 18.54 - snakecase           [* -> 0.11.1]
#20 18.54 - snow                [* -> 0.4-4]
#20 18.54 - som                 [* -> 0.3-5.2]
#20 18.54 - sourcetools         [* -> 0.1.7-1]
#20 18.54 - sp                  [* -> 2.2-0]
#20 18.54 - SparseM             [* -> 1.84-2]
#20 18.54 - sparsevctrs         [* -> 0.3.4]
#20 18.54 - SQUAREM             [* -> 2021.1]
#20 18.54 - stringi             [* -> 1.8.7]
#20 18.54 - stringr             [* -> 1.5.2]
#20 18.54 - sys                 [* -> 3.4.3]
#20 18.54 - systemfonts         [* -> 1.3.1]
#20 18.54 - terra               [* -> 1.8-70]
#20 18.54 - testthat            [* -> 3.2.3]
#20 18.54 - textshaping         [* -> 1.0.4]
#20 18.54 - TFisher             [* -> 0.2.0]
#20 18.54 - TH.data             [* -> 1.1-4]
#20 18.54 - tibble              [* -> 3.3.0]
#20 18.54 - tidygraph           [* -> 1.3.1]
#20 18.54 - tidyr               [* -> 1.3.1]
#20 18.54 - tidyselect          [* -> 1.2.1]
#20 18.54 - timechange          [* -> 0.3.0]
#20 18.54 - timeDate            [* -> 4041.110]
#20 18.54 - tinytex             [* -> 0.57]
#20 18.54 - tweenr              [* -> 2.0.3]
#20 18.54 - tzdb                [* -> 0.5.0]
#20 18.54 - urlchecker          [* -> 1.0.1]
#20 18.54 - usethis             [* -> 3.2.1]
#20 18.54 - utf8                [* -> 1.2.6]
#20 18.54 - uuid                [* -> 1.2-1]
#20 18.54 - vctrs               [* -> 0.6.5]
#20 18.54 - viridis             [* -> 0.6.5]
#20 18.54 - viridisLite         [* -> 0.4.2]
#20 18.54 - vroom               [* -> 1.6.6]
#20 18.54 - waldo               [* -> 0.6.2]
#20 18.54 - whisker             [* -> 0.4.1]
#20 18.54 - withr               [* -> 3.0.2]
#20 18.54 - writexl             [* -> 1.5.4]
#20 18.54 - xfun                [* -> 0.53]
#20 18.54 - xml2                [* -> 1.4.0]
#20 18.54 - xopen               [* -> 1.0.1]
#20 18.54 - xtable              [* -> 1.8-4]
#20 18.54 - yaml                [* -> 2.3.10]
#20 18.54 - zip                 [* -> 2.3.3]
#20 18.54 - zoo                 [* -> 1.8-14]
#20 18.54 
#20 18.54 # GitHub ---------------------------------------------------------------------
#20 18.54 - MetaboAnalystR      [* -> xia-lab/MetaboAnalystR]
#20 18.54 - TernTablesR         [* -> jdpreston30/TernTablesR]
#20 18.54 
#20 18.55 # Downloading packages -------------------------------------------------------
#20 18.65 - Downloading Matrix from CRAN ...              OK [2.4 Mb in 0.15s]
#20 18.95 - Downloading BH from CRAN ...                  OK [13.7 Mb in 0.49s]
#20 20.92 - Downloading Biobase from Bioconductor 3.21 ... OK [1.9 Mb in 0.53s]
#20 22.16 - Downloading BiocGenerics from Bioconductor 3.21 ... OK [54.8 Kb in 0.29s]
#20 22.53 - Downloading generics from CRAN ...            OK [46.1 Kb in 0.16s]
#20 22.77 - Downloading BiocVersion from Bioconductor 3.21 ... OK [991 bytes in 0.23s]
#20 23.03 - Downloading BiocParallel from Bioconductor 3.21 ... OK [1.1 Mb in 0.43s]
#20 23.57 - Downloading futile.logger from CRAN ...       OK [17 Kb]
#20 23.66 - Downloading lambda.r from CRAN ...            OK [25.1 Kb]
#20 23.78 - Downloading formatR from CRAN ...             OK [93.8 Kb]
#20 23.89 - Downloading futile.options from CRAN ...      OK [3.8 Kb]
#20 23.97 - Downloading snow from CRAN ...                OK [20 Kb in 0.15s]
#20 24.16 - Downloading cpp11 from CRAN ...               OK [285.1 Kb]
#20 24.28 - Downloading Cairo from CRAN ...               OK [99.1 Kb]
#20 24.39 - Downloading DEoptimR from CRAN ...            OK [19.1 Kb]
#20 24.46 - Downloading MatrixModels from CRAN ...        OK [24 Kb]
#20 24.56 - Downloading MetaboAnalystR from GitHub ...    OK [1.4 Mb in 0.65s]
#20 25.31 - Downloading RBGL from BioCsoft ...            OK [3.8 Mb in 0.57s]
#20 26.02 - Downloading graph from BioCsoft ...           OK [1.4 Mb in 0.53s]
#20 26.64 - Downloading RColorBrewer from CRAN ...        OK [11.4 Kb]
#20 26.72 - Downloading RSQLite from CRAN ...             OK [4.2 Mb in 0.17s]
#20 27.23 - Downloading bit64 from CRAN ...               OK [138.7 Kb]
#20 27.36 - Downloading bit from CRAN ...                 OK [297.4 Kb]
#20 27.47 - Downloading blob from CRAN ...                OK [10.4 Kb]
#20 27.57 - Downloading rlang from CRAN ...               OK [749.9 Kb]
#20 27.74 - Downloading vctrs from CRAN ...               OK [946.4 Kb in 0.2s]
#20 28.07 - Downloading cli from CRAN ...                 OK [625.2 Kb]
#20 28.24 - Downloading glue from CRAN ...                OK [123.7 Kb]
#20 28.36 - Downloading lifecycle from CRAN ...           OK [105.1 Kb]
#20 28.46 - Downloading DBI from CRAN ...                 OK [1.1 Mb]
#20 28.61 - Downloading memoise from CRAN ...             OK [17.4 Kb]
#20 28.72 - Downloading cachem from CRAN ...              OK [26.6 Kb]
#20 28.86 - Downloading fastmap from CRAN ...             OK [45.6 Kb in 0.17s]
#20 29.06 - Downloading pkgconfig from CRAN ...           OK [5.9 Kb]
#20 29.16 - Downloading plogr from CRAN ...               OK [7.6 Kb]
#20 29.23 - Downloading Rcpp from CRAN ...                OK [3 Mb in 0.14s]
#20 29.49 - Downloading ggplot2 from CRAN ...             OK [3.4 Mb in 0.2s]
#20 29.88 - Downloading gtable from CRAN ...              OK [144.7 Kb in 0.17s]
#20 30.10 - Downloading isoband from CRAN ...             OK [1.5 Mb in 0.21s]
#20 30.40 - Downloading scales from CRAN ...              OK [321 Kb]
#20 30.58 - Downloading farver from CRAN ...              OK [1.2 Mb]
#20 30.76 - Downloading labeling from CRAN ...            OK [9.9 Kb]
#20 30.87 - Downloading R6 from CRAN ...                  OK [63 Kb]
#20 30.99 - Downloading viridisLite from CRAN ...         OK [1.2 Mb]
#20 31.15 - Downloading tibble from CRAN ...              OK [574.9 Kb]
#20 31.33 - Downloading magrittr from CRAN ...            OK [275.2 Kb]
#20 31.47 - Downloading pillar from CRAN ...              OK [399.9 Kb in 0.23s]
#20 31.89 - Downloading utf8 from CRAN ...                OK [238.1 Kb]
#20 32.03 - Downloading withr from CRAN ...               OK [100.8 Kb]
#20 32.14 - Downloading progress from CRAN ...            OK [29.8 Kb]
#20 32.25 - Downloading crayon from CRAN ...              OK [39.4 Kb in 0.16s]
#20 32.44 - Downloading hms from CRAN ...                 OK [43.7 Kb]
#20 32.53 - Downloading prettyunits from CRAN ...         OK [95.2 Kb]
#20 32.63 - Downloading Rserve from CRAN ...              OK [533.1 Kb]
#20 32.76 - Downloading jsonlite from CRAN ...            OK [1 Mb]
#20 32.90 - Downloading plyr from CRAN ...                OK [392.1 Kb in 0.18s]
#20 33.13 - Downloading purrr from CRAN ...               OK [257.8 Kb in 0.1s]
#20 33.27 - Downloading data.table from CRAN ...          OK [5.5 Mb in 0.22s]
#20 33.74 - Downloading qs from CRAN ...                  OK [2.1 Mb in 0.21s]
#20 34.06 - Downloading RApiSerialize from CRAN ...       OK [9.3 Kb]
#20 34.17 - Downloading stringfish from CRAN ...          OK [1.1 Mb]
#20 34.37 - Downloading RcppParallel from CRAN ...        OK [1.6 Mb in 0.22s]
#20 34.71 - Downloading pROC from CRAN ...                OK [439 Kb]
#20 34.83 - Downloading caret from CRAN ...               OK [2.2 Mb in 0.12s]
#20 35.04 - Downloading e1071 from CRAN ...               OK [319.1 Kb in 0.21s]
#20 35.33 - Downloading proxy from CRAN ...               OK [72.9 Kb]
#20 35.45 - Downloading foreach from CRAN ...             OK [87.7 Kb]
#20 35.56 - Downloading iterators from CRAN ...           OK [293.2 Kb in 0.18s]
#20 35.78 - Downloading ModelMetrics from CRAN ...        OK [16.7 Kb]
#20 35.87 - Downloading recipes from CRAN ...             OK [868.7 Kb]
#20 36.06 - Downloading clock from CRAN ...               OK [546.7 Kb]
#20 36.24 - Downloading tzdb from CRAN ...                OK [586.6 Kb]
#20 36.41 - Downloading gower from CRAN ...               OK [183.6 Kb]
#20 36.56 - Downloading hardhat from CRAN ...             OK [605 Kb in 0.2s]
#20 36.85 - Downloading sparsevctrs from CRAN ...         OK [91.6 Kb]
#20 36.97 - Downloading ipred from CRAN ...               OK [170 Kb]
#20 37.14 - Downloading prodlim from CRAN ...             OK [132.3 Kb]
#20 37.29 - Downloading diagram from CRAN ...             OK [524.3 Kb in 0.21s]
#20 37.60 - Downloading shape from CRAN ...               OK [631.3 Kb]
#20 37.81 - Downloading lava from CRAN ...                OK [1.1 Mb in 0.24s]
#20 38.20 - Downloading future.apply from CRAN ...        OK [72.9 Kb in 0.17s]
#20 38.56 - Downloading globals from CRAN ...             OK [50.7 Kb]
#20 38.79 - Downloading future from CRAN ...              OK [432.3 Kb in 0.1s]
#20 39.11 - Downloading digest from CRAN ...              OK [226.9 Kb in 0.2s]
#20 39.53 - Downloading listenv from CRAN ...             OK [35.7 Kb in 0.21s]
#20 39.87 - Downloading parallelly from CRAN ...          OK [310.7 Kb]
#20 40.05 - Downloading numDeriv from CRAN ...            OK [74.3 Kb]
#20 40.24 - Downloading progressr from CRAN ...           OK [211.4 Kb in 0.14s]
#20 40.50 - Downloading SQUAREM from CRAN ...             OK [235.9 Kb]
#20 40.62 - Downloading lubridate from CRAN ...           OK [419.3 Kb]
#20 40.81 - Downloading timechange from CRAN ...          OK [101 Kb]
#20 40.95 - Downloading tidyr from CRAN ...               OK [790.1 Kb in 0.18s]
#20 41.23 - Downloading dplyr from CRAN ...               OK [1.2 Mb]
#20 41.46 - Downloading tidyselect from CRAN ...          OK [101.2 Kb]
#20 41.66 - Downloading stringr from CRAN ...             OK [173.8 Kb in 0.21s]
#20 41.97 - Downloading stringi from CRAN ...             OK [11.4 Mb in 0.32s]
#20 42.71 - Downloading timeDate from CRAN ...            OK [345 Kb in 0.11s]
#20 42.90 - Downloading reshape2 from CRAN ...            OK [36.4 Kb in 0.19s]
#20 43.12 - Downloading crmn from CRAN ...                OK [230.9 Kb]
#20 43.26 - Downloading pcaMethods from BioCsoft ...      OK [1014.9 Kb in 0.69s]
#20 44.01 - Downloading edgeR from BioCsoft ...           OK [3.5 Mb in 0.55s]
#20 44.69 - Downloading limma from BioCsoft ...           OK [2.7 Mb in 0.57s]
#20 45.38 - Downloading statmod from CRAN ...             OK [90.9 Kb]
#20 45.48 - Downloading locfit from CRAN ...              OK [202.3 Kb in 0.24s]
#20 45.76 - Downloading fgsea from BioCsoft ...           OK [4.7 Mb in 0.65s]
#20 46.57 - Downloading cowplot from CRAN ...             OK [1.6 Mb in 0.12s]
#20 46.76 - Downloading fastmatch from CRAN ...           OK [15.3 Kb]
#20 46.86 - Downloading glasso from CRAN ...              OK [8.5 Kb]
#20 46.93 - Downloading gplots from CRAN ...              OK [373.4 Kb]
#20 47.05 - Downloading gtools from CRAN ...              OK [236.4 Kb]
#20 47.17 - Downloading caTools from CRAN ...             OK [64.3 Kb in 0.16s]
#20 47.38 - Downloading bitops from CRAN ...              OK [10.7 Kb]
#20 47.47 - Downloading igraph from CRAN ...              OK [4.8 Mb in 0.23s]
#20 48.02 - Downloading impute from BioCsoft ...          OK [626.6 Kb in 0.4s]
#20 48.47 - Downloading plotly from CRAN ...              OK [4.5 Mb in 0.18s]
#20 48.94 - Downloading httr from CRAN ...                OK [115.7 Kb in 0.17s]
#20 49.15 - Downloading curl from CRAN ...                OK [714 Kb]
#20 49.31 - Downloading mime from CRAN ...                OK [21.4 Kb]
#20 49.42 - Downloading openssl from CRAN ...             OK [1.2 Mb in 0.1s]
#20 49.63 - Downloading askpass from CRAN ...             OK [5.9 Kb]
#20 49.74 - Downloading sys from CRAN ...                 OK [19.5 Kb]
#20 49.82 - Downloading base64enc from CRAN ...           OK [7.6 Kb]
#20 49.90 - Downloading htmltools from CRAN ...           OK [132 Kb]
#20 50.01 - Downloading htmlwidgets from CRAN ...         OK [848.5 Kb in 0.19s]
#20 50.29 - Downloading knitr from CRAN ...               OK [521.7 Kb]
#20 50.45 - Downloading evaluate from CRAN ...            OK [38.4 Kb]
#20 50.56 - Downloading highr from CRAN ...               OK [13.5 Kb in 0.16s]
#20 50.83 - Downloading xfun from CRAN ...                OK [164.4 Kb]
#20 51.01 - Downloading yaml from CRAN ...                OK [92.3 Kb in 0.17s]
#20 51.24 - Downloading rmarkdown from CRAN ...           OK [2.1 Mb in 0.23s]
#20 51.63 - Downloading bslib from CRAN ...               OK [5.2 Mb in 0.2s]
#20 52.07 - Downloading jquerylib from CRAN ...           OK [508 Kb in 0.19s]
#20 52.40 - Downloading sass from CRAN ...                OK [2.9 Mb in 0.28s]
#20 52.86 - Downloading fs from CRAN ...                  OK [1.1 Mb]
#20 53.12 - Downloading rappdirs from CRAN ...            OK [12 Kb in 0.16s]
#20 53.35 - Downloading fontawesome from CRAN ...         OK [1.3 Mb]
#20 53.59 - Downloading tinytex from CRAN ...             OK [35.4 Kb]
#20 53.71 - Downloading lazyeval from CRAN ...            OK [81.5 Kb]
#20 53.82 - Downloading crosstalk from CRAN ...           OK [290.9 Kb in 0.18s]
#20 54.07 - Downloading promises from CRAN ...            OK [3 Mb in 0.17s]
#20 54.37 - Downloading later from CRAN ...               OK [69 Kb in 0.16s]
#20 54.57 - Downloading MSnbase from BioCsoft ...         OK [7.7 Mb in 0.77s]
#20 55.60 - Downloading mzR from BioCsoft ...             OK [7.4 Mb in 2.1s]
#20 58.43 - Downloading ProtGenerics from BioCsoft ...    OK [10.9 Kb in 0.45s]
#20 58.93 - Downloading ncdf4 from CRAN ...               OK [123.1 Kb in 0.16s]
#20 59.15 - Downloading Rhdf5lib from BioCsoft ...        OK [11.5 Mb in 1.2s]
#20 60.56 - Downloading S4Vectors from BioCsoft ...       OK [1 Mb in 0.47s]
#20 61.11 - Downloading MsCoreUtils from BioCsoft ...     OK [414.3 Kb in 0.51s]
#20 61.70 - Downloading clue from CRAN ...                OK [586.2 Kb in 0.1s]
#20 61.86 - Downloading PSMatch from BioCsoft ...         OK [1.5 Mb in 0.56s]
#20 62.54 - Downloading Spectra from BioCsoft ...         OK [1.8 Mb in 0.5s]
#20 63.19 - Downloading IRanges from BioCsoft ...         OK [471.7 Kb in 0.55s]
#20 63.82 - Downloading MetaboCoreUtils from BioCsoft ... OK [1.3 Mb in 0.52s]
#20 64.46 - Downloading QFeatures from BioCsoft ...       OK [5.4 Mb in 0.6s]
#20 65.29 - Downloading MultiAssayExperiment from BioCsoft ... OK [1.2 Mb in 0.43s]
#20 65.83 - Downloading SummarizedExperiment from BioCsoft ... OK [672.8 Kb in 0.43s]
#20 66.37 - Downloading MatrixGenerics from BioCsoft ...  OK [31.2 Kb in 0.28s]
#20 66.75 - Downloading matrixStats from CRAN ...         OK [207.2 Kb]
#20 66.92 - Downloading GenomicRanges from BioCsoft ...   OK [1.3 Mb in 0.58s]
#20 67.71 - Downloading GenomeInfoDb from BioCsoft ...    OK [3.4 Mb in 0.61s]
#20 68.48 - Downloading UCSC.utils from BioCsoft ...      OK [230.6 Kb in 0.48s]
#20 69.07 - Downloading GenomeInfoDbData from BioCann ... OK [12.6 Mb in 0.8s]
#20 70.08 - Downloading XVector from BioCsoft ...         OK [66.3 Kb in 0.46s]
#20 70.63 - Downloading S4Arrays from BioCsoft ...        OK [287.6 Kb in 0.37s]
#20 71.11 - Downloading abind from CRAN ...               OK [21.5 Kb in 0.16s]
#20 71.34 - Downloading DelayedArray from BioCsoft ...    OK [795.2 Kb in 0.43s]
#20 71.90 - Downloading SparseArray from BioCsoft ...     OK [456.3 Kb in 0.38s]
#20 72.39 - Downloading BiocBaseUtils from BioCsoft ...   OK [226.2 Kb in 0.47s]
#20 72.95 - Downloading AnnotationFilter from BioCsoft ... OK [317.2 Kb in 0.49s]
#20 73.55 - Downloading vsn from BioCsoft ...             OK [1.9 Mb in 0.64s]
#20 74.32 - Downloading affy from BioCsoft ...            OK [1.7 Mb in 0.6s]
#20 75.04 - Downloading affyio from BioCsoft ...          OK [107.8 Kb in 0.45s]
#20 75.57 - Downloading preprocessCore from BioCsoft ...  OK [121.2 Kb in 0.31s]
#20 75.96 - Downloading MALDIquant from CRAN ...          OK [2.4 Mb in 0.13s]
#20 76.16 - Downloading mzID from BioCsoft ...            OK [582 Kb in 0.57s]
#20 76.83 - Downloading XML from CRAN ...                 OK [944.1 Kb in 0.21s]
#20 77.14 - Downloading doParallel from CRAN ...          OK [160.4 Kb in 0.17s]
#20 77.37 - Downloading siggenes from BioCsoft ...        OK [744.8 Kb in 0.45s]
#20 77.89 - Downloading multtest from Bioconductor 3.21 ... OK [1.2 Mb in 0.5s]
#20 78.49 - Downloading scrime from CRAN ...              OK [70.2 Kb]
#20 78.58 - Downloading RJSONIO from CRAN ...             OK [686.8 Kb in 0.16s]
#20 78.80 - Downloading RSpectra from CRAN ...            OK [125 Kb]
#20 78.91 - Downloading RcppEigen from CRAN ...           OK [1.7 Mb in 0.22s]
#20 79.31 - Downloading RcppArmadillo from CRAN ...       OK [2 Mb in 0.28s]
#20 79.78 - Downloading Rdpack from CRAN ...              OK [370.3 Kb]
#20 79.91 - Downloading rbibutils from CRAN ...           OK [1.1 Mb in 0.13s]
#20 80.12 - Downloading SparseM from CRAN ...             OK [540.1 Kb in 0.2s]
#20 80.37 - Downloading TFisher from CRAN ...             OK [10.5 Kb in 0.24s]
#20 80.65 - Downloading sn from CRAN ...                  OK [807.7 Kb in 0.12s]
#20 80.84 - Downloading mnormt from CRAN ...              OK [64.3 Kb]
#20 80.95 - Downloading quantreg from CRAN ...            OK [903.5 Kb in 0.19s]
#20 81.20 - Downloading mvtnorm from CRAN ...             OK [818.3 Kb in 0.21s]
#20 81.47 - Downloading TH.data from CRAN ...             OK [8.2 Mb in 0.4s]
#20 82.01 - Downloading TernTablesR from GitHub ...       OK [121.8 Kb in 0.6s]
#20 82.65 - Downloading flextable from CRAN ...           OK [1.3 Mb in 0.12s]
#20 82.84 - Downloading gdtools from CRAN ...             OK [72.2 Kb]
#20 82.96 - Downloading fontquiver from CRAN ...          OK [2.1 Mb in 0.12s]
#20 83.24 - Downloading fontBitstreamVera from CRAN ...   OK [677.7 Kb in 0.19s]
#20 83.51 - Downloading fontLiberation from CRAN ...      OK [4.3 Mb in 0.33s]
#20 84.07 - Downloading systemfonts from CRAN ...         OK [579.4 Kb]
#20 84.22 - Downloading officer from CRAN ...             OK [938.6 Kb in 0.12s]
#20 84.44 - Downloading ragg from CRAN ...                OK [426.7 Kb]
#20 84.61 - Downloading textshaping from CRAN ...         OK [74.9 Kb in 0.16s]
#20 84.84 - Downloading uuid from CRAN ...                OK [78.8 Kb in 0.23s]
#20 85.16 - Downloading xml2 from CRAN ...                OK [149.8 Kb]
#20 85.32 - Downloading zip from CRAN ...                 OK [112.8 Kb in 0.17s]
#20 85.53 - Downloading writexl from CRAN ...             OK [271.8 Kb]
#20 85.68 - Downloading readr from CRAN ...               OK [291.1 Kb in 0.1s]
#20 85.85 - Downloading clipr from CRAN ...               OK [21.4 Kb in 0.17s]
#20 86.07 - Downloading vroom from CRAN ...               OK [611.5 Kb in 0.19s]
#20 86.33 - Downloading backports from CRAN ...           OK [30 Kb]
#20 86.39 - Downloading brew from CRAN ...                OK [69.4 Kb]
#20 86.49 - Downloading brio from CRAN ...                OK [12.9 Kb in 0.15s]
#20 86.66 - Downloading broom from CRAN ...               OK [636 Kb in 0.19s]
#20 86.92 - Downloading callr from CRAN ...               OK [101.9 Kb in 0.16s]
#20 87.14 - Downloading processx from CRAN ...            OK [161.3 Kb in 0.18s]
#20 87.37 - Downloading ps from CRAN ...                  OK [164 Kb]
#20 87.46 - Downloading cellranger from CRAN ...          OK [62.4 Kb]
#20 87.56 - Downloading rematch from CRAN ...             OK [4.7 Kb]
#20 87.66 - Downloading commonmark from CRAN ...          OK [143.8 Kb]
#20 87.75 - Downloading conflicted from CRAN ...          OK [16.7 Kb]
#20 87.83 - Downloading corpcor from CRAN ...             OK [22.1 Kb in 0.23s]
#20 88.09 - Downloading credentials from CRAN ...         OK [276.5 Kb in 0.1s]
#20 88.24 - Downloading desc from CRAN ...                OK [78.2 Kb]
#20 88.33 - Downloading devtools from CRAN ...            OK [387.5 Kb]
#20 88.47 - Downloading ellipsis from CRAN ...            OK [7.9 Kb]
#20 88.56 - Downloading miniUI from CRAN ...              OK [98.5 Kb]
#20 88.68 - Downloading shiny from CRAN ...               OK [2.5 Mb in 0.12s]
#20 89.00 - Downloading httpuv from CRAN ...              OK [1.8 Mb in 0.11s]
#20 89.28 - Downloading xtable from CRAN ...              OK [551.4 Kb]
#20 89.44 - Downloading sourcetools from CRAN ...         OK [23.5 Kb in 0.15s]
#20 89.64 - Downloading pkgbuild from CRAN ...            OK [50.1 Kb]
#20 89.76 - Downloading pkgdown from CRAN ...             OK [1.2 Mb in 0.24s]
#20 90.13 - Downloading downlit from CRAN ...             OK [36.3 Kb in 0.18s]
#20 90.43 - Downloading fansi from CRAN ...               OK [471.2 Kb in 0.24s]
#20 90.75 - Downloading httr2 from CRAN ...               OK [265.5 Kb in 0.18s]
#20 91.02 - Downloading whisker from CRAN ...             OK [27.9 Kb]
#20 91.14 - Downloading pkgload from CRAN ...             OK [85.5 Kb]
#20 91.26 - Downloading rprojroot from CRAN ...           OK [58.5 Kb]
#20 91.35 - Downloading profvis from CRAN ...             OK [294.1 Kb]
#20 91.49 - Downloading rcmdcheck from CRAN ...           OK [71.8 Kb in 0.16s]
#20 91.71 - Downloading sessioninfo from CRAN ...         OK [171.5 Kb in 0.17s]
#20 91.94 - Downloading xopen from CRAN ...               OK [11.6 Kb]
#20 92.04 - Downloading remotes from CRAN ...             OK [160.6 Kb in 0.17s]
#20 92.25 - Downloading roxygen2 from CRAN ...            OK [296.4 Kb]
#20 92.41 - Downloading rversions from CRAN ...           OK [41.1 Kb]
#20 92.54 - Downloading testthat from CRAN ...            OK [721.6 Kb in 0.16s]
#20 92.80 - Downloading praise from CRAN ...              OK [6 Kb]
#20 92.90 - Downloading waldo from CRAN ...               OK [44.8 Kb in 0.17s]
#20 93.14 - Downloading diffobj from CRAN ...             OK [461.9 Kb]
#20 93.28 - Downloading urlchecker from CRAN ...          OK [13 Kb in 0.15s]
#20 93.47 - Downloading usethis from CRAN ...             OK [384.7 Kb]
#20 93.66 - Downloading gert from CRAN ...                OK [119.8 Kb]
#20 93.84 - Downloading rstudioapi from CRAN ...          OK [115.7 Kb]
#20 93.95 - Downloading gh from CRAN ...                  OK [45.3 Kb in 0.16s]
#20 94.17 - Downloading gitcreds from CRAN ...            OK [61.1 Kb in 0.16s]
#20 94.39 - Downloading ini from CRAN ...                 OK [3.4 Kb in 0.16s]
#20 94.60 - Downloading ellipse from CRAN ...             OK [156.6 Kb in 0.11s]
#20 94.75 - Downloading forcats from CRAN ...             OK [287.3 Kb]
#20 94.88 - Downloading ggforce from CRAN ...             OK [885.3 Kb in 0.11s]
#20 95.06 - Downloading tweenr from CRAN ...              OK [571.3 Kb]
#20 95.20 - Downloading polyclip from CRAN ...            OK [78.2 Kb in 0.21s]
#20 95.44 - Downloading ggraph from CRAN ...              OK [3.4 Mb in 0.27s]
#20 95.86 - Downloading ggrepel from CRAN ...             OK [146.5 Kb]
#20 95.97 - Downloading viridis from CRAN ...             OK [2.9 Mb in 0.14s]
#20 96.22 - Downloading gridExtra from CRAN ...           OK [1 Mb]
#20 96.39 - Downloading tidygraph from CRAN ...           OK [130.5 Kb]
#20 96.53 - Downloading graphlayouts from CRAN ...        OK [2.1 Mb in 0.13s]
#20 96.73 - Downloading gsignal from CRAN ...             OK [1.3 Mb in 0.17s]
#20 97.01 - Downloading pracma from CRAN ...              OK [388.5 Kb]
#20 97.16 - Downloading here from CRAN ...                OK [32.4 Kb in 0.15s]
#20 97.33 - Downloading janitor from CRAN ...             OK [227.5 Kb]
#20 97.48 - Downloading snakecase from CRAN ...           OK [447.1 Kb]
#20 97.60 - Downloading magick from CRAN ...              OK [4.4 Mb in 0.21s]
#20 97.96 - Downloading mathjaxr from CRAN ...            OK [1 Mb]
#20 98.11 - Downloading metap from CRAN ...               OK [883.1 Kb in 0.22s]
#20 98.38 - Downloading mutoss from CRAN ...              OK [886.3 Kb in 0.23s]
#20 98.71 - Downloading plotrix from CRAN ...             OK [311.5 Kb in 0.1s]
#20 98.90 - Downloading multcomp from CRAN ...            OK [583.9 Kb in 0.11s]
#20 99.10 - Downloading sandwich from CRAN ...            OK [1.3 Mb]
#20 99.31 - Downloading zoo from CRAN ...                 OK [760.2 Kb in 0.11s]
#20 99.49 - Downloading qqconf from CRAN ...              OK [512 Kb in 0.2s]
#20 99.78 - Downloading robustbase from CRAN ...          OK [2.2 Mb in 0.24s]
#20 100.1 - Downloading mixOmics from Bioconductor 3.21 ... OK [19 Mb in 0.92s]
#20 101.6 - Downloading rARPACK from CRAN ...             OK [9.6 Kb in 0.17s]
#20 101.8 - Downloading rgl from CRAN ...                 OK [4 Mb in 0.21s]
#20 102.3 - Downloading patchwork from CRAN ...           OK [3.2 Mb in 0.29s]
#20 102.7 - Downloading pls from CRAN ...                 OK [4.2 Mb in 0.17s]
#20 103.0 - Downloading pwr from CRAN ...                 OK [78.5 Kb in 0.2s]
#20 103.2 - Downloading randomForest from CRAN ...        OK [80.1 Kb in 0.17s]
#20 103.4 - Downloading raster from CRAN ...              OK [562.3 Kb in 0.19s]
#20 103.7 - Downloading terra from CRAN ...               OK [1 Mb in 0.11s]
#20 103.9 - Downloading sp from CRAN ...                  OK [4.3 Mb in 0.18s]
#20 104.3 - Downloading readxl from CRAN ...              OK [1.6 Mb in 0.12s]
#20 104.5 - Downloading scatterplot3d from CRAN ...       OK [464.5 Kb]
#20 104.6 - Downloading som from CRAN ...                 OK [202.8 Kb in 0.17s]
#20 104.8 Successfully downloaded 296 packages in 86 seconds.
#20 104.8 
#20 104.8 # Installing packages --------------------------------------------------------
#20 104.9 - Installing Matrix ...                         OK [built from source and cached in 1.8m]
#20 214.0 - Installing BH ...                             OK [built from source and cached in 3.2s]
#20 216.5 - Installing generics ...                       OK [built from source and cached in 0.83s]
#20 217.4 - Installing BiocGenerics ...                   OK [built from source and cached in 2.0s]
#20 219.4 - Installing BiocVersion ...                    OK [built from source and cached in 0.54s]
#20 220.0 - Installing Biobase ...                        OK [built from source and cached in 4.4s]
#20 224.4 - Installing formatR ...                        OK [built from source and cached in 0.91s]
#20 225.3 - Installing lambda.r ...                       OK [built from source and cached in 1.0s]
#20 226.3 - Installing futile.options ...                 OK [built from source and cached in 0.66s]
#20 227.0 - Installing futile.logger ...                  OK [built from source and cached in 0.91s]
#20 227.9 - Installing snow ...                           OK [built from source and cached in 0.92s]
#20 228.9 - Installing cpp11 ...                          OK [built from source and cached in 0.84s]
#20 229.8 - Installing BiocParallel ...                   OK [built from source and cached in 7.0s]
#20 236.7 - Installing Cairo ...                          OK [built from source and cached in 2.8s]
#20 239.5 - Installing DEoptimR ...                       OK [built from source and cached in 0.85s]
#20 240.4 - Installing MatrixModels ...                   OK [built from source and cached in 10s]
#20 250.5 - Installing graph ...                          OK [built from source and cached in 6.2s]
#20 256.7 - Installing RBGL ...                           OK [built from source and cached in 55s]
#20 311.5 - Installing RColorBrewer ...                   OK [built from source and cached in 1.1s]
#20 312.6 - Installing bit ...                            OK [built from source and cached in 3.9s]
#20 316.5 - Installing bit64 ...                          OK [built from source and cached in 4.3s]
#20 320.9 - Installing rlang ...                          OK [built from source and cached in 8.5s]
#20 329.4 - Installing cli ...                            OK [built from source and cached in 7.1s]
#20 336.6 - Installing glue ...                           OK [built from source and cached in 1.1s]
#20 337.6 - Installing lifecycle ...                      OK [built from source and cached in 1.1s]
#20 338.8 - Installing vctrs ...                          OK [built from source and cached in 13s]
#20 351.4 - Installing blob ...                           OK [built from source and cached in 1.1s]
#20 352.6 - Installing DBI ...                            OK [built from source and cached in 2.6s]
#20 355.2 - Installing fastmap ...                        OK [built from source and cached in 2.1s]
#20 357.3 - Installing cachem ...                         OK [built from source and cached in 1.2s]
#20 358.5 - Installing memoise ...                        OK [built from source and cached in 1.0s]
#20 359.5 - Installing pkgconfig ...                      OK [built from source and cached in 0.67s]
#20 360.2 - Installing plogr ...                          OK [built from source and cached in 0.64s]
#20 361.2 - Installing RSQLite ...                        OK [built from source and cached in 55s]
#20 415.8 - Installing Rcpp ...                           OK [built from source and cached in 14s]
#20 429.8 - Installing gtable ...                         OK [built from source and cached in 1.5s]
#20 431.3 - Installing isoband ...                        OK [built from source and cached in 3.4s]
#20 434.7 - Installing farver ...                         OK [built from source and cached in 17s]
#20 452.1 - Installing labeling ...                       OK [built from source and cached in 0.97s]
#20 453.1 - Installing R6 ...                             OK [built from source and cached in 0.89s]
#20 454.0 - Installing viridisLite ...                    OK [built from source and cached in 0.73s]
#20 454.8 - Installing scales ...                         OK [built from source and cached in 3.4s]
#20 458.2 - Installing magrittr ...                       OK [built from source and cached in 0.99s]
#20 459.2 - Installing utf8 ...                           OK [built from source and cached in 2.4s]
#20 461.7 - Installing pillar ...                         OK [built from source and cached in 2.6s]
#20 464.3 - Installing tibble ...                         OK [built from source and cached in 2.5s]
#20 466.9 - Installing withr ...                          OK [built from source and cached in 1.2s]
#20 468.2 - Installing ggplot2 ...                        OK [built from source and cached in 12s]
#20 479.9 - Installing crayon ...                         OK [built from source and cached in 1.5s]
#20 481.3 - Installing hms ...                            OK [built from source and cached in 1.4s]
#20 482.7 - Installing prettyunits ...                    OK [built from source and cached in 0.94s]
#20 483.7 - Installing progress ...                       OK [built from source and cached in 1.5s]
#20 485.2 - Installing Rserve ...                         OK [built from source and cached in 12s]
#20 497.0 - Installing jsonlite ...                       OK [built from source and cached in 2.9s]
#20 499.8 - Installing plyr ...                           OK [built from source and cached in 4.6s]
#20 504.4 - Installing purrr ...                          OK [built from source and cached in 2.8s]
#20 507.5 - Installing data.table ...                     OK [built from source and cached in 17s]
#20 524.3 - Installing RApiSerialize ...                  OK [built from source and cached in 0.92s]
#20 525.4 - Installing RcppParallel ...                   OK [built from source and cached in 13s]
#20 538.0 - Installing stringfish ...                     OK [built from source and cached in 10s]
#20 548.4 - Installing qs ...                             OK [built from source and cached in 22s]
#20 569.9 - Installing pROC ...                           OK [built from source and cached in 7.8s]
#20 577.7 - Installing proxy ...                          OK [built from source and cached in 2.8s]
#20 580.6 - Installing e1071 ...                          OK [built from source and cached in 3.5s]
#20 584.2 - Installing iterators ...                      OK [built from source and cached in 0.91s]
#20 585.1 - Installing foreach ...                        OK [built from source and cached in 0.94s]
#20 586.1 - Installing ModelMetrics ...                   OK [built from source and cached in 11s]
#20 596.9 - Installing tzdb ...                           OK [built from source and cached in 7.7s]
#20 604.7 - Installing clock ...                          OK [built from source and cached in 1.1m]
#20 668.8 - Installing gower ...                          OK [built from source and cached in 1.1s]
#20 669.9 - Installing sparsevctrs ...                    OK [built from source and cached in 2.1s]
#20 672.1 - Installing hardhat ...                        OK [built from source and cached in 2.4s]
#20 674.5 - Installing shape ...                          OK [built from source and cached in 1.2s]
#20 675.7 - Installing diagram ...                        OK [built from source and cached in 1.3s]
#20 677.0 - Installing globals ...                        OK [built from source and cached in 1.4s]
#20 678.4 - Installing digest ...                         OK [built from source and cached in 4.7s]
#20 683.1 - Installing listenv ...                        OK [built from source and cached in 1.1s]
#20 684.2 - Installing parallelly ...                     OK [built from source and cached in 2.4s]
#20 686.7 - Installing future ...                         OK [built from source and cached in 4.3s]
#20 690.9 - Installing future.apply ...                   OK [built from source and cached in 1.4s]
#20 692.3 - Installing numDeriv ...                       OK [built from source and cached in 0.86s]
#20 693.2 - Installing progressr ...                      OK [built from source and cached in 1.8s]
#20 695.0 - Installing SQUAREM ...                        OK [built from source and cached in 0.89s]
#20 696.0 - Installing lava ...                           OK [built from source and cached in 15s]
#20 710.5 - Installing prodlim ...                        OK [built from source and cached in 7.1s]
#20 717.7 - Installing ipred ...                          OK [built from source and cached in 4.9s]
#20 722.6 - Installing timechange ...                     OK [built from source and cached in 11s]
#20 733.7 - Installing lubridate ...                      OK [built from source and cached in 4.4s]
#20 738.1 - Installing tidyselect ...                     OK [built from source and cached in 1.8s]
#20 740.0 - Installing dplyr ...                          OK [built from source and cached in 7.8s]
#20 748.1 - Installing stringi ...                        OK [built from source and cached in 43s]
#20 791.1 - Installing stringr ...                        OK [built from source and cached in 1.7s]
#20 792.8 - Installing tidyr ...                          OK [built from source and cached in 5.9s]
#20 798.8 - Installing timeDate ...                       OK [built from source and cached in 5.5s]
#20 804.3 - Installing recipes ...                        OK [built from source and cached in 11s]
#20 814.9 - Installing reshape2 ...                       OK [built from source and cached in 5.1s]
#20 820.1 - Installing caret ...                          OK [built from source and cached in 15s]
#20 834.8 - Installing pcaMethods ...                     OK [built from source and cached in 8.1s]
#20 842.8 - Installing crmn ...                           OK [built from source and cached in 4.0s]
#20 846.8 - Installing statmod ...                        OK [built from source and cached in 2.6s]
#20 849.5 - Installing limma ...                          OK [built from source and cached in 8.2s]
#20 857.7 - Installing locfit ...                         OK [built from source and cached in 6.9s]
#20 864.7 - Installing edgeR ...                          OK [built from source and cached in 6.7s]
#20 871.4 - Installing cowplot ...                        OK [built from source and cached in 2.7s]
#20 874.1 - Installing fastmatch ...                      OK [built from source and cached in 1.1s]
#20 875.3 - Installing fgsea ...                          OK [built from source and cached in 19s]
#20 894.5 - Installing glasso ...                         OK [built from source and cached in 1.2s]
#20 895.7 - Installing gtools ...                         OK [built from source and cached in 1.5s]
#20 897.2 - Installing bitops ...                         OK [built from source and cached in 0.93s]
#20 898.1 - Installing caTools ...                        OK [built from source and cached in 2.0s]
#20 900.1 - Installing gplots ...                         OK [built from source and cached in 2.8s]
#20 903.2 - Installing igraph ...                         OK [built from source and cached in 1.5m]
#20 992.4 - Installing impute ...                         OK [built from source and cached in 1.1s]
#20 993.6 - Installing curl ...                           OK [built from source and cached in 2.8s]
#20 996.4 - Installing mime ...                           OK [built from source and cached in 0.86s]
#20 997.2 - Installing sys ...                            OK [built from source and cached in 0.88s]
#20 998.1 - Installing askpass ...                        OK [built from source and cached in 0.76s]
#20 999.0 - Installing openssl ...                        OK [built from source and cached in 4.5s]
#20 1003.5 - Installing httr ...                           OK [built from source and cached in 3.5s]
#20 1006.9 - Installing base64enc ...                      OK [built from source and cached in 1.1s]
#20 1008.1 - Installing htmltools ...                      OK [built from source and cached in 2.4s]
#20 1010.6 - Installing evaluate ...                       OK [built from source and cached in 0.97s]
#20 1011.6 - Installing xfun ...                           OK [built from source and cached in 2.6s]
#20 1014.1 - Installing highr ...                          OK [built from source and cached in 0.8s]
#20 1014.9 - Installing yaml ...                           OK [built from source and cached in 3.6s]
#20 1018.6 - Installing knitr ...                          OK [built from source and cached in 3.7s]
#20 1022.3 - Installing jquerylib ...                      OK [built from source and cached in 1.3s]
#20 1023.8 - Installing fs ...                             OK [built from source and cached in 16s]
#20 1039.4 - Installing rappdirs ...                       OK [built from source and cached in 0.88s]
#20 1040.4 - Installing sass ...                           OK [built from source and cached in 1.1m]
#20 1109.0 - Installing bslib ...                          OK [built from source and cached in 3.4s]
#20 1112.3 - Installing fontawesome ...                    OK [built from source and cached in 1.4s]
#20 1113.7 - Installing tinytex ...                        OK [built from source and cached in 1.4s]
#20 1115.2 - Installing rmarkdown ...                      OK [built from source and cached in 3.9s]
#20 1119.1 - Installing htmlwidgets ...                    OK [built from source and cached in 1.4s]
#20 1120.5 - Installing lazyeval ...                       OK [built from source and cached in 1.4s]
#20 1121.9 - Installing crosstalk ...                      OK [built from source and cached in 1.7s]
#20 1123.6 - Installing later ...                          OK [built from source and cached in 10s]
#20 1134.2 - Installing promises ...                       OK [built from source and cached in 5.2s]
#20 1139.6 - Installing plotly ...                         OK [built from source and cached in 6.6s]
#20 1146.1 - Installing ProtGenerics ...                   OK [built from source and cached in 1.8s]
#20 1148.1 - Installing ncdf4 ...                          OK [built from source and cached in 3.7s]
#20 1151.9 - Installing Rhdf5lib ...                       OK [built from source and cached in 2.0m]
#20 1272.2 - Installing mzR ...                            OK [built from source and cached in 4.9m]
#20 1563.1 - Installing S4Vectors ...                      OK [built from source and cached in 14s]
#20 1577.4 - Installing clue ...                           OK [built from source and cached in 3.9s]
#20 1581.2 - Installing MsCoreUtils ...                    OK [built from source and cached in 6.5s]
#20 1587.8 - Installing IRanges ...                        OK [built from source and cached in 38s]
#20 1625.5 - Installing MetaboCoreUtils ...                OK [built from source and cached in 3.0s]
#20 1628.5 - Installing Spectra ...                        OK [built from source and cached in 15s]
#20 1643.3 - Installing matrixStats ...                    OK [built from source and cached in 8.8s]
#20 1652.2 - Installing MatrixGenerics ...                 OK [built from source and cached in 2.3s]
#20 1654.6 - Installing UCSC.utils ...                     OK [built from source and cached in 2.7s]
#20 1657.5 - Installing GenomeInfoDbData ...               OK [built from source and cached in 0.89s]
#20 1658.3 - Installing GenomeInfoDb ...                   OK [built from source and cached in 14s]
#20 1672.0 - Installing XVector ...                        OK [built from source and cached in 15s]
#20 1687.3 - Installing GenomicRanges ...                  OK [built from source and cached in 20s]
#20 1706.9 - Installing abind ...                          OK [built from source and cached in 1.2s]
#20 1708.1 - Installing S4Arrays ...                       OK [built from source and cached in 25s]
#20 1733.7 - Installing SparseArray ...                    OK [built from source and cached in 37s]
#20 1770.9 - Installing DelayedArray ...                   OK [built from source and cached in 37s]
#20 1807.6 - Installing SummarizedExperiment ...           OK [built from source and cached in 37s]
#20 1844.8 - Installing BiocBaseUtils ...                  OK [built from source and cached in 0.9s]
#20 1845.8 - Installing MultiAssayExperiment ...           OK [built from source and cached in 51s]
#20 1896.8 - Installing AnnotationFilter ...               OK [built from source and cached in 20s]
#20 1916.6 - Installing QFeatures ...                      OK [built from source and cached in 40s]
#20 1956.6 - Installing PSMatch ...                        OK [built from source and cached in 39s]
#20 1995.3 - Installing affyio ...                         OK [built from source and cached in 5.5s]
#20 2000.8 - Installing preprocessCore ...                 OK [built from source and cached in 5.0s]
#20 2006.0 - Installing affy ...                           OK [built from source and cached in 5.1s]
#20 2011.1 - Installing vsn ...                            OK [built from source and cached in 7.9s]
#20 2019.0 - Installing MALDIquant ...                     OK [built from source and cached in 2.9s]
#20 2021.9 - Installing XML ...                            OK [built from source and cached in 8.6s]
#20 2030.5 - Installing doParallel ...                     OK [built from source and cached in 0.98s]
#20 2031.5 - Installing mzID ...                           OK [built from source and cached in 3.7s]
#20 2035.4 - Installing MSnbase ...                        OK [built from source and cached in 1.3m]
#20 2114.4 - Installing multtest ...                       OK [built from source and cached in 15s]
#20 2129.7 - Installing scrime ...                         OK [built from source and cached in 2.3s]
#20 2132.0 - Installing siggenes ...                       OK [built from source and cached in 9.2s]
#20 2141.3 - Installing MetaboAnalystR ...                 OK [built from source and cached in 40s]
#20 2181.6 - Installing RJSONIO ...                        OK [built from source and cached in 5.2s]
#20 2186.9 - Installing RcppEigen ...                      OK [built from source and cached in 27s]
#20 2214.0 - Installing RSpectra ...                       OK [built from source and cached in 1.6m]
#20 2309.8 - Installing RcppArmadillo ...                  OK [built from source and cached in 13s]
#20 2323.0 - Installing rbibutils ...                      OK [built from source and cached in 7.7s]
#20 2330.7 - Installing Rdpack ...                         OK [built from source and cached in 2.0s]
#20 2332.8 - Installing SparseM ...                        OK [built from source and cached in 4.7s]
#20 2337.5 - Installing mnormt ...                         OK [built from source and cached in 2.0s]
#20 2339.6 - Installing quantreg ...                       OK [built from source and cached in 10s]
#20 2349.7 - Installing sn ...                             OK [built from source and cached in 6.6s]
#20 2356.4 - Installing mvtnorm ...                        OK [built from source and cached in 3.7s]
#20 2360.1 - Installing TFisher ...                        OK [built from source and cached in 4.1s]
#20 2364.4 - Installing TH.data ...                        OK [built from source and cached in 2.8s]
#20 2367.1 - Installing fontBitstreamVera ...              OK [built from source and cached in 0.68s]
#20 2367.9 - Installing fontLiberation ...                 OK [built from source and cached in 0.68s]
#20 2368.6 - Installing fontquiver ...                     OK [built from source and cached in 0.86s]
#20 2369.5 - Installing systemfonts ...                    OK [built from source and cached in 20s]
#20 2389.8 - Installing gdtools ...                        OK [built from source and cached in 8.5s]
#20 2398.4 - Installing textshaping ...                    OK [built from source and cached in 9.8s]
#20 2408.2 - Installing ragg ...                           OK [built from source and cached in 2.3m]
#20 2547.5 - Installing uuid ...                           OK [built from source and cached in 3.2s]
#20 2550.7 - Installing xml2 ...                           OK [built from source and cached in 6.1s]
#20 2556.8 - Installing zip ...                            OK [built from source and cached in 6.8s]
#20 2563.6 - Installing officer ...                        OK [built from source and cached in 9.8s]
#20 2573.5 - Installing flextable ...                      OK [built from source and cached in 7.7s]
#20 2581.2 - Installing writexl ...                        OK [built from source and cached in 8.3s]
#20 2589.5 - Installing clipr ...                          OK [built from source and cached in 0.87s]
#20 2590.4 - Installing vroom ...                          OK [built from source and cached in 52s]
#20 2642.1 - Installing readr ...                          OK [built from source and cached in 24s]
#20 2666.1 - Installing TernTablesR ...                    OK [built from source and cached in 2.9s]
#20 2669.0 - Installing backports ...                      OK [built from source and cached in 1.2s]
#20 2670.3 - Installing brew ...                           OK [built from source and cached in 0.8s]
#20 2671.1 - Installing brio ...                           OK [built from source and cached in 1.1s]
#20 2672.2 - Installing broom ...                          OK [built from source and cached in 4.6s]
#20 2676.8 - Installing ps ...                             OK [built from source and cached in 3.9s]
#20 2680.8 - Installing processx ...                       OK [built from source and cached in 3.8s]
#20 2684.6 - Installing callr ...                          OK [built from source and cached in 3.8s]
#20 2688.4 - Installing rematch ...                        OK [built from source and cached in 0.86s]
#20 2689.2 - Installing cellranger ...                     OK [built from source and cached in 1.1s]
#20 2690.3 - Installing commonmark ...                     OK [built from source and cached in 6.9s]
#20 2697.2 - Installing conflicted ...                     OK [built from source and cached in 1.2s]
#20 2698.4 - Installing corpcor ...                        OK [built from source and cached in 0.95s]
#20 2699.4 - Installing credentials ...                    OK [built from source and cached in 0.95s]
#20 2700.4 - Installing desc ...                           OK [built from source and cached in 1.7s]
#20 2702.1 - Installing ellipsis ...                       OK [built from source and cached in 1.1s]
#20 2703.3 - Installing httpuv ...                         OK [built from source and cached in 52s]
#20 2755.4 - Installing xtable ...                         OK [built from source and cached in 1.6s]
#20 2757.0 - Installing sourcetools ...                    OK [built from source and cached in 2.8s]
#20 2760.1 - Installing shiny ...                          OK [built from source and cached in 14s]
#20 2774.4 - Installing miniUI ...                         OK [built from source and cached in 2.2s]
#20 2776.6 - Installing pkgbuild ...                       OK [built from source and cached in 1.7s]
#20 2778.3 - Installing fansi ...                          OK [built from source and cached in 2.9s]
#20 2781.3 - Installing downlit ...                        OK [built from source and cached in 1.3s]
#20 2782.6 - Installing httr2 ...                          OK [built from source and cached in 3.8s]
#20 2786.4 - Installing whisker ...                        OK [built from source and cached in 0.99s]
#20 2787.5 - Installing pkgdown ...                        OK [built from source and cached in 3.3s]
#20 2790.8 - Installing rprojroot ...                      OK [built from source and cached in 0.92s]
#20 2791.7 - Installing pkgload ...                        OK [built from source and cached in 2.0s]
#20 2793.8 - Installing profvis ...                        OK [built from source and cached in 1.4s]
#20 2795.2 - Installing sessioninfo ...                    OK [built from source and cached in 1.3s]
#20 2796.6 - Installing xopen ...                          OK [built from source and cached in 0.73s]
#20 2797.3 - Installing rcmdcheck ...                      OK [built from source and cached in 1.7s]
#20 2799.0 - Installing remotes ...                        OK [built from source and cached in 2.1s]
#20 2801.1 - Installing roxygen2 ...                       OK [built from source and cached in 7.8s]
#20 2808.9 - Installing rversions ...                      OK [built from source and cached in 1.3s]
#20 2810.2 - Installing praise ...                         OK [built from source and cached in 0.76s]
#20 2811.0 - Installing diffobj ...                        OK [built from source and cached in 5.5s]
#20 2816.5 - Installing waldo ...                          OK [built from source and cached in 1.7s]
#20 2818.3 - Installing testthat ...                       OK [built from source and cached in 18s]
#20 2836.7 - Installing urlchecker ...                     OK [built from source and cached in 0.86s]
#20 2837.6 - Installing rstudioapi ...                     OK [built from source and cached in 1.1s]
#20 2838.8 - Installing gert ...                           OK [built from source and cached in 2.6s]
#20 2841.4 - Installing gitcreds ...                       OK [built from source and cached in 0.85s]
#20 2842.2 - Installing ini ...                            OK [built from source and cached in 0.68s]
#20 2842.9 - Installing gh ...                             OK [built from source and cached in 1.5s]
#20 2844.5 - Installing usethis ...                        OK [built from source and cached in 3.9s]
#20 2848.4 - Installing devtools ...                       OK [built from source and cached in 2.7s]
#20 2851.1 - Installing ellipse ...                        OK [built from source and cached in 1.2s]
#20 2852.4 - Installing forcats ...                        OK [built from source and cached in 1.9s]
#20 2854.4 - Installing tweenr ...                         OK [built from source and cached in 15s]
#20 2869.2 - Installing polyclip ...                       OK [built from source and cached in 4.6s]
#20 2873.8 - Installing ggforce ...                        OK [built from source and cached in 23s]
#20 2896.4 - Installing ggrepel ...                        OK [built from source and cached in 8.0s]
#20 2904.4 - Installing gridExtra ...                      OK [built from source and cached in 1.4s]
#20 2905.9 - Installing viridis ...                        OK [built from source and cached in 2.5s]
#20 2908.3 - Installing tidygraph ...                      OK [built from source and cached in 5.1s]
#20 2913.5 - Installing graphlayouts ...                   OK [built from source and cached in 25s]
#20 2938.4 - Installing ggraph ...                         OK [built from source and cached in 17s]
#20 2955.7 - Installing pracma ...                         OK [built from source and cached in 8.6s]
#20 2964.4 - Installing gsignal ...                        OK [built from source and cached in 17s]
#20 2981.4 - Installing here ...                           OK [built from source and cached in 0.88s]
#20 2982.3 - Installing snakecase ...                      OK [built from source and cached in 0.97s]
#20 2983.3 - Installing janitor ...                        OK [built from source and cached in 2.4s]
#20 2985.9 - Installing magick ...                         OK [built from source and cached in 36s]
#20 3021.4 - Installing mathjaxr ...                       OK [built from source and cached in 0.87s]
#20 3022.3 - Installing plotrix ...                        OK [built from source and cached in 4.9s]
#20 3027.2 - Installing zoo ...                            OK [built from source and cached in 2.8s]
#20 3030.1 - Installing sandwich ...                       OK [built from source and cached in 1.9s]
#20 3032.0 - Installing multcomp ...                       OK [built from source and cached in 4.2s]
#20 3036.2 - Installing mutoss ...                         OK [built from source and cached in 7.0s]
#20 3043.3 - Installing robustbase ...                     OK [built from source and cached in 9.3s]
#20 3052.6 - Installing qqconf ...                         OK [built from source and cached in 4.4s]
#20 3057.1 - Installing metap ...                          OK [built from source and cached in 5.6s]
#20 3062.7 - Installing rARPACK ...                        OK [built from source and cached in 3.3s]
#20 3066.2 - Installing rgl ...                            OK [built from source and cached in 24s]
#20 3090.3 - Installing mixOmics ...                       OK [built from source and cached in 23s]
#20 3113.1 - Installing patchwork ...                      OK [built from source and cached in 3.8s]
#20 3116.8 - Installing pls ...                            OK [built from source and cached in 2.1s]
#20 3118.8 - Installing pwr ...                            OK [built from source and cached in 1.0s]
#20 3119.9 - Installing randomForest ...                   OK [built from source and cached in 2.4s]
#20 3122.4 - Installing terra ...                          OK [built from source and cached in 3.9m]
#20 3354.2 - Installing sp ...                             OK [built from source and cached in 6.4s]
#20 3360.6 - Installing raster ...                         OK [built from source and cached in 1.6m]
#20 3458.8 - Installing readxl ...                         OK [built from source and cached in 11s]
#20 3469.4 - Installing scatterplot3d ...                  OK [built from source and cached in 0.95s]
#20 3470.4 - Installing som ...                            OK [built from source and cached in 1.5s]
#20 3472.1 The dependency tree was repaired during package installation:
#20 3472.1 - abind                [1.4-8]
#20 3472.1 - affy                 [1.86.0]
#20 3472.1 - affyio               [1.78.0]
#20 3472.1 - AnnotationFilter     [1.32.0]
#20 3472.1 - BiocBaseUtils        [1.10.0]
#20 3472.1 - blob                 [1.2.4]
#20 3472.1 - clue                 [0.3-66]
#20 3472.1 - crmn                 [0.0.21]
#20 3472.1 - crosstalk            [1.2.2]
#20 3472.1 - DBI                  [1.2.3]
#20 3472.1 - DelayedArray         [0.34.1]
#20 3472.1 - doParallel           [1.0.17]
#20 3472.1 - edgeR                [4.6.3]
#20 3472.1 - fastmatch            [1.1-6]
#20 3472.1 - fgsea                [1.34.2]
#20 3472.1 - GenomeInfoDb         [1.44.3]
#20 3472.1 - GenomeInfoDbData     [1.2.14]
#20 3472.1 - GenomicRanges        [1.60.0]
#20 3472.1 - glasso               [1.11]
#20 3472.1 - graph                [1.86.0]
#20 3472.1 - httr                 [1.4.7]
#20 3472.1 - impute               [1.82.0]
#20 3472.1 - IRanges              [2.42.0]
#20 3472.1 - lazyeval             [0.2.2]
#20 3472.1 - limma                [3.64.3]
#20 3472.1 - locfit               [1.5-9.12]
#20 3472.1 - MALDIquant           [1.22.3]
#20 3472.1 - MatrixGenerics       [1.20.0]
#20 3472.1 - MetaboCoreUtils      [1.16.1]
#20 3472.1 - MsCoreUtils          [1.20.0]
#20 3472.1 - MSnbase              [2.34.1]
#20 3472.1 - MultiAssayExperiment [1.34.0]
#20 3472.1 - mzID                 [1.46.0]
#20 3472.1 - mzR                  [2.42.0]
#20 3472.1 - ncdf4                [1.24]
#20 3472.1 - pcaMethods           [2.0.0]
#20 3472.1 - plogr                [0.2.0]
#20 3472.1 - plotly               [4.11.0]
#20 3472.1 - preprocessCore       [1.70.0]
#20 3472.1 - ProtGenerics         [1.40.0]
#20 3472.1 - PSMatch              [1.12.0]
#20 3472.1 - QFeatures            [1.18.0]
#20 3472.1 - qs                   [0.27.3]
#20 3472.1 - RApiSerialize        [0.1.4]
#20 3472.1 - RBGL                 [1.84.0]
#20 3472.1 - RcppParallel         [5.1.11-1]
#20 3472.1 - Rhdf5lib             [1.30.0]
#20 3472.1 - Rserve               [1.8-15]
#20 3472.1 - RSQLite              [2.4.4]
#20 3472.1 - S4Arrays             [1.8.1]
#20 3472.1 - S4Vectors            [0.46.0]
#20 3472.1 - scrime               [1.3.5]
#20 3472.1 - siggenes             [1.82.0]
#20 3472.1 - SparseArray          [1.8.1]
#20 3472.1 - Spectra              [1.18.2]
#20 3472.1 - statmod              [1.5.1]
#20 3472.1 - stringfish           [0.17.0]
#20 3472.1 - SummarizedExperiment [1.38.1]
#20 3472.1 - UCSC.utils           [1.4.0]
#20 3472.1 - vsn                  [3.76.0]
#20 3472.1 - XML                  [3.99-0.20]
#20 3472.1 - XVector              [0.48.0]
#20 3472.1 Call `renv::snapshot()` to capture these dependencies in the lockfile.
#20 3472.1 
#20 DONE 3472.7s

#21 [16/17] RUN Rscript -e "tinytex::install_tinytex()"
#21 3.247 - The project is out-of-sync -- use `renv::status()` for details.
#21 5.455 trying URL 'https://yihui.org/gh/tinytex/tools/install-unx.sh'
#21 5.947 Content type 'application/x-sh' length 821 bytes
#21 5.947 ==================================================
#21 5.947 downloaded 821 bytes
#21 5.947 
#21 6.269 --2025-11-27 05:38:01--  https://us.mirrors.cicku.me/ctan/systems/texlive/tlnet/install-tl-unx.tar.gz
#21 6.300 Resolving us.mirrors.cicku.me (us.mirrors.cicku.me)... 172.65.90.20, 172.65.90.21, 172.65.90.23, ...
#21 6.303 Connecting to us.mirrors.cicku.me (us.mirrors.cicku.me)|172.65.90.20|:443... connected.
#21 6.393 HTTP request sent, awaiting response... 200 OK
#21 6.576 Length: 5810105 (5.5M) [application/x-gtar-compressed]
#21 6.577 Saving to: install-tl-unx.tar.gz
#21 6.577 
#21 6.577      0K .......... .......... .......... .......... ..........  0% 2.51M 2s
#21 6.596     50K .......... .......... .......... .......... ..........  1% 2.63M 2s
#21 6.615    100K .......... .......... .......... .......... ..........  2% 6.66M 2s
#21 6.622    150K .......... .......... .......... .......... ..........  3% 2.96M 2s
#21 6.639    200K .......... .......... .......... .......... ..........  4% 7.96M 1s
#21 6.645    250K .......... .......... .......... .......... ..........  5% 7.05M 1s
#21 6.653    300K .......... .......... .......... .......... ..........  6% 8.53M 1s
#21 6.657    350K .......... .......... .......... .......... ..........  7% 11.8M 1s
#21 6.662    400K .......... .......... .......... .......... ..........  7% 12.6M 1s
#21 6.665    450K .......... .......... .......... .......... ..........  8% 10.1M 1s
#21 6.670    500K .......... .......... .......... .......... ..........  9% 22.0M 1s
#21 6.672    550K .......... .......... .......... .......... .......... 10% 7.18M 1s
#21 6.679    600K .......... .......... .......... .......... .......... 11% 37.2M 1s
#21 6.681    650K .......... .......... .......... .......... .......... 12%  168M 1s
#21 6.682    700K .......... .......... .......... .......... .......... 13% 15.0M 1s
#21 6.684    750K .......... .......... .......... .......... .......... 14% 39.9M 1s
#21 6.685    800K .......... .......... .......... .......... .......... 14% 32.7M 1s
#21 6.687    850K .......... .......... .......... .......... .......... 15% 39.1M 1s
#21 6.688    900K .......... .......... .......... .......... .......... 16% 21.9M 1s
#21 6.691    950K .......... .......... .......... .......... .......... 17% 28.6M 1s
#21 6.692   1000K .......... .......... .......... .......... .......... 18% 33.5M 1s
#21 6.693   1050K .......... .......... .......... .......... .......... 19% 26.8M 0s
#21 6.695   1100K .......... .......... .......... .......... .......... 20% 12.1M 0s
#21 6.699   1150K .......... .......... .......... .......... .......... 21% 42.1M 0s
#21 6.700   1200K .......... .......... .......... .......... .......... 22% 22.9M 0s
#21 6.703   1250K .......... .......... .......... .......... .......... 22% 35.7M 0s
#21 6.704   1300K .......... .......... .......... .......... .......... 23% 17.5M 0s
#21 6.707   1350K .......... .......... .......... .......... .......... 24% 36.9M 0s
#21 6.708   1400K .......... .......... .......... .......... .......... 25%  125M 0s
#21 6.708   1450K .......... .......... .......... .......... .......... 26% 27.5M 0s
#21 6.711   1500K .......... .......... .......... .......... .......... 27% 28.2M 0s
#21 6.712   1550K .......... .......... .......... .......... .......... 28%  233M 0s
#21 6.712   1600K .......... .......... .......... .......... .......... 29% 43.7M 0s
#21 6.713   1650K .......... .......... .......... .......... .......... 29% 16.0M 0s
#21 6.716   1700K .......... .......... .......... .......... .......... 30% 22.4M 0s
#21 6.718   1750K .......... .......... .......... .......... .......... 31%  233M 0s
#21 6.719   1800K .......... .......... .......... .......... .......... 32% 94.5M 0s
#21 6.719   1850K .......... .......... .......... .......... .......... 33% 62.1M 0s
#21 6.720   1900K .......... .......... .......... .......... .......... 34% 16.2M 0s
#21 6.723   1950K .......... .......... .......... .......... .......... 35%  114M 0s
#21 6.723   2000K .......... .......... .......... .......... .......... 36% 58.8M 0s
#21 6.724   2050K .......... .......... .......... .......... .......... 37% 62.1M 0s
#21 6.725   2100K .......... .......... .......... .......... .......... 37%  272M 0s
#21 6.725   2150K .......... .......... .......... .......... .......... 38% 26.5M 0s
#21 6.727   2200K .......... .......... .......... .......... .......... 39% 20.5M 0s
#21 6.729   2250K .......... .......... .......... .......... .......... 40%  153M 0s
#21 6.730   2300K .......... .......... .......... .......... .......... 41% 29.6M 0s
#21 6.731   2350K .......... .......... .......... .......... .......... 42%  245M 0s
#21 6.732   2400K .......... .......... .......... .......... .......... 43% 75.4M 0s
#21 6.732   2450K .......... .......... .......... .......... .......... 44% 61.0M 0s
#21 6.733   2500K .......... .......... .......... .......... .......... 44% 56.3M 0s
#21 6.734   2550K .......... .......... .......... .......... .......... 45% 98.9M 0s
#21 6.734   2600K .......... .......... .......... .......... .......... 46% 54.3M 0s
#21 6.735   2650K .......... .......... .......... .......... .......... 47% 75.8M 0s
#21 6.736   2700K .......... .......... .......... .......... .......... 48% 38.1M 0s
#21 6.737   2750K .......... .......... .......... .......... .......... 49% 21.0M 0s
#21 6.740   2800K .......... .......... .......... .......... .......... 50% 24.2M 0s
#21 6.742   2850K .......... .......... .......... .......... .......... 51% 92.6M 0s
#21 6.742   2900K .......... .......... .......... .......... .......... 51% 62.4M 0s
#21 6.743   2950K .......... .......... .......... .......... .......... 52%  167M 0s
#21 6.743   3000K .......... .......... .......... .......... .......... 53% 60.7M 0s
#21 6.744   3050K .......... .......... .......... .......... .......... 54% 22.6M 0s
#21 6.746   3100K .......... .......... .......... .......... .......... 55% 60.7M 0s
#21 6.747   3150K .......... .......... .......... .......... .......... 56% 62.9M 0s
#21 6.748   3200K .......... .......... .......... .......... .......... 57% 49.6M 0s
#21 6.749   3250K .......... .......... .......... .......... .......... 58% 32.7M 0s
#21 6.750   3300K .......... .......... .......... .......... .......... 59%  340M 0s
#21 6.750   3350K .......... .......... .......... .......... .......... 59% 25.2M 0s
#21 6.752   3400K .......... .......... .......... .......... .......... 60% 37.6M 0s
#21 6.754   3450K .......... .......... .......... .......... .......... 61% 55.8M 0s
#21 6.754   3500K .......... .......... .......... .......... .......... 62% 57.1M 0s
#21 6.755   3550K .......... .......... .......... .......... .......... 63% 32.7M 0s
#21 6.757   3600K .......... .......... .......... .......... .......... 64% 53.2M 0s
#21 6.758   3650K .......... .......... .......... .......... .......... 65% 34.3M 0s
#21 6.759   3700K .......... .......... .......... .......... .......... 66%  103M 0s
#21 6.760   3750K .......... .......... .......... .......... .......... 66% 30.4M 0s
#21 6.761   3800K .......... .......... .......... .......... .......... 67% 83.9M 0s
#21 6.762   3850K .......... .......... .......... .......... .......... 68% 27.9M 0s
#21 6.764   3900K .......... .......... .......... .......... .......... 69% 25.8M 0s
#21 6.766   3950K .......... .......... .......... .......... .......... 70%  195M 0s
#21 6.766   4000K .......... .......... .......... .......... .......... 71% 52.6M 0s
#21 6.767   4050K .......... .......... .......... .......... .......... 72% 36.3M 0s
#21 6.768   4100K .......... .......... .......... .......... .......... 73% 36.3M 0s
#21 6.769   4150K .......... .......... .......... .......... .......... 74%  118M 0s
#21 6.770   4200K .......... .......... .......... .......... .......... 74%  116M 0s
#21 6.770   4250K .......... .......... .......... .......... .......... 75% 29.2M 0s
#21 6.772   4300K .......... .......... .......... .......... .......... 76% 34.9M 0s
#21 6.773   4350K .......... .......... .......... .......... .......... 77% 28.0M 0s
#21 6.775   4400K .......... .......... .......... .......... .......... 78%  139M 0s
#21 6.775   4450K .......... .......... .......... .......... .......... 79% 35.0M 0s
#21 6.777   4500K .......... .......... .......... .......... .......... 80% 65.5M 0s
#21 6.777   4550K .......... .......... .......... .......... .......... 81% 24.0M 0s
#21 6.780   4600K .......... .......... .......... .......... .......... 81% 55.1M 0s
#21 6.780   4650K .......... .......... .......... .......... .......... 82% 39.4M 0s
#21 6.782   4700K .......... .......... .......... .......... .......... 83% 36.7M 0s
#21 6.783   4750K .......... .......... .......... .......... .......... 84% 62.8M 0s
#21 6.784   4800K .......... .......... .......... .......... .......... 85% 53.2M 0s
#21 6.786   4850K .......... .......... .......... .......... .......... 86% 23.7M 0s
#21 6.787   4900K .......... .......... .......... .......... .......... 87% 37.5M 0s
#21 6.788   4950K .......... .......... .......... .......... .......... 88%  330M 0s
#21 6.788   5000K .......... .......... .......... .......... .......... 89% 68.1M 0s
#21 6.789   5050K .......... .......... .......... .......... .......... 89%  277M 0s
#21 6.789   5100K .......... .......... .......... .......... .......... 90% 17.6M 0s
#21 6.792   5150K .......... .......... .......... .......... .......... 91%  137M 0s
#21 6.792   5200K .......... .......... .......... .......... .......... 92%  323M 0s
#21 6.792   5250K .......... .......... .......... .......... .......... 93% 43.5M 0s
#21 6.793   5300K .......... .......... .......... .......... .......... 94% 41.6M 0s
#21 6.795   5350K .......... .......... .......... .......... .......... 95% 32.1M 0s
#21 6.796   5400K .......... .......... .......... .......... .......... 96% 57.9M 0s
#21 6.797   5450K .......... .......... .......... .......... .......... 96% 20.5M 0s
#21 6.799   5500K .......... .......... .......... .......... .......... 97% 2.55M 0s
#21 6.819   5550K .......... .......... .......... .......... .......... 98% 29.4M 0s
#21 6.820   5600K .......... .......... .......... .......... .......... 99% 2.25M 0s
#21 6.842   5650K .......... .......... ...                             100%  276M=0.3s
#21 6.842 
#21 6.842 2025-11-27 05:38:02 (20.9 MB/s) - install-tl-unx.tar.gz saved [5810105/5810105]
#21 6.842 
#21 6.844 --2025-11-27 05:38:02--  https://yihui.org/gh/tinytex/tools/tinytex.profile
#21 6.863 Resolving yihui.org (yihui.org)... 104.21.87.33, 172.67.140.24, 2606:4700:3032::ac43:8c18, ...
#21 6.865 Connecting to yihui.org (yihui.org)|104.21.87.33|:443... connected.
#21 6.913 HTTP request sent, awaiting response... 301 Moved Permanently
#21 7.014 Location: https://tinytex.yihui.org/tinytex.profile [following]
#21 7.014 --2025-11-27 05:38:02--  https://tinytex.yihui.org/tinytex.profile
#21 7.014 Resolving tinytex.yihui.org (tinytex.yihui.org)... 98.84.224.111, 18.208.88.157, 2600:1f18:16e:df01::258, ...
#21 7.021 Connecting to tinytex.yihui.org (tinytex.yihui.org)|98.84.224.111|:443... connected.
#21 7.079 HTTP request sent, awaiting response... 200 OK
#21 7.106 Length: 183 [application/octet-stream]
#21 7.107 Saving to: tinytex.profile
#21 7.107 
#21 7.107      0K                                                       100% 42.7M=0s
#21 7.107 
#21 7.108 2025-11-27 05:38:02 (42.7 MB/s) - tinytex.profile saved [183/183]
#21 7.108 
#21 7.345 Automated TeX Live installation using profile: ../tinytex.profile
#21 7.406 Loading https://us.mirrors.cicku.me/ctan/systems/texlive/tlnet/tlpkg/texlive.tlpdb
#21 8.722 Installing TeX Live 2025 from: https://us.mirrors.cicku.me/ctan/systems/texlive/tlnet (verified)
#21 8.722 Platform: aarch64-linux => 'GNU/Linux on ARM64'
#21 8.722 Distribution: net  (downloading)
#21 8.722 Using URL: https://us.mirrors.cicku.me/ctan/systems/texlive/tlnet
#21 8.722 Directory for temporary files: /tmp/SfD2aNb6v3
#21 8.726 Installing to: ./
#21 8.735 Installing [1/4, time/total: ??:??/??:??]: hyphen-base [23k]
#21 8.946 Installing [2/4, time/total: 00:01/00:26]: kpathsea [33k]
#21 9.163 Installing [3/4, time/total: 00:01/00:10]: texlive-scripts [113k]
#21 9.428 Installing [4/4, time/total: 00:01/00:03]: texlive.infra [410k]
#21 9.806 Time used for installing the packages: 00:01
#21 9.806 Installing [1/3, time/total: ??:??/??:??]: kpathsea.aarch64-linux [39k]
#21 10.23 Installing [2/3, time/total: 00:01/00:03]: texlive-scripts.aarch64-linux [1k]
#21 10.71 Installing [3/3, time/total: 00:01/00:03]: texlive.infra.aarch64-linux [81k]
#21 11.13 Time used for installing the packages: 00:02
#21 11.13 [05:38:06] running mktexlsr ./texmf-dist ...
#21 11.15 writing fmtutil.cnf to ./texmf-dist/web2c/fmtutil.cnf
#21 11.15 writing updmap.cfg to ./texmf-dist/web2c/updmap.cfg
#21 11.15 writing language.dat to ./texmf-var/tex/generic/config/language.dat
#21 11.15 writing language.def to ./texmf-var/tex/generic/config/language.def
#21 11.15 writing language.dat.lua to ./texmf-var/tex/generic/config/language.dat.lua
#21 11.15 [05:38:06] running mktexlsr ./texmf-var ./texmf-config ./texmf-dist ...
#21 11.18 [05:38:06] running updmap-sys --nohash ...done
#21 11.28 [05:38:06] re-running mktexlsr ./texmf-var ./texmf-config ...
#21 11.31 pre-generating all format files, be patient...
#21 11.31 [05:38:06] running fmtutil-sys --no-error-if-no-engine=luametatex,luajithbtex,luajittex,mfluajit --no-strict --all ...done
#21 11.78 [05:38:06] running package-specific postactions
#21 11.78 [05:38:06] finished with package-specific postactions
#21 11.78 
#21 11.78 Logfile: ./install-tl.log
#21 11.99 tlmgr: setting default package repository to https://us.mirrors.cicku.me/ctan/systems/texlive/tlnet
#21 11.99 tlmgr: updating /tmp/texlive/tlpkg/texlive.tlpdb
#21 12.08 tlmgr: setting texmf max_print_line to 10000 (in /tmp/texlive/texmf.cnf)
#21 12.21 tlmgr: setting default package repository to https://us.mirrors.cicku.me/ctan/systems/texlive/tlnet
#21 12.21 tlmgr: updating /tmp/texlive/tlpkg/texlive.tlpdb
#21 14.63 tlmgr: package repository https://us.mirrors.cicku.me/ctan/systems/texlive/tlnet (verified)
#21 14.63 tlmgr: no updates available
#21 15.90 tlmgr: package repository https://us.mirrors.cicku.me/ctan/systems/texlive/tlnet (verified)
#21 15.90 [1/118, ??:??/??:??] install: amscls [32k]
#21 16.35 [2/118, 00:00/00:00] install: amsfonts [3542k]
#21 17.07 [3/118, 00:01/00:10] install: amsmath [31k]
#21 17.32 [4/118, 00:01/00:10] install: atbegshi [5k]
#21 17.54 [5/118, 00:01/00:10] install: atveryend [2k]
#21 17.79 [6/118, 00:01/00:10] install: auxhook [2k]
#21 18.03 [7/118, 00:02/00:20] install: babel [236k]
#21 18.41 [8/118, 00:02/00:18] install: bibtex.aarch64-linux [75k]
#21 18.77 [9/118, 00:02/00:18] install: bibtex [15k]
#21 18.99 [10/118, 00:03/00:27] install: bigintcalc [7k]
#21 19.16 [11/118, 00:03/00:27] install: bitset [6k]
#21 19.35 [12/118, 00:03/00:27] install: bookmark [8k]
#21 19.58 [13/118, 00:03/00:27] install: booktabs [3k]
#21 19.80 [14/118, 00:03/00:27] install: cm [233k]
#21 20.11 [15/118, 00:04/00:34] install: ctablestack [2k]
#21 20.32 [16/118, 00:04/00:34] install: dehyph [46k]
#21 20.53 [17/118, 00:04/00:34] install: dvipdfmx.aarch64-linux [407k]
#21 21.14 [18/118, 00:05/00:39] install: dvipdfmx [27k]
#21 21.50 [19/118, 00:05/00:39] install: dvips.aarch64-linux [143k]
#21 22.03 [20/118, 00:06/00:45] install: dvips [57k]
#21 22.28 [21/118, 00:06/00:44] install: ec [258k]
#21 22.82 [22/118, 00:06/00:42] install: epstopdf.aarch64-linux [1k]
#21 23.30 [23/118, 00:07/00:49] install: epstopdf [15k]
#21 23.58 [24/118, 00:07/00:49] install: epstopdf-pkg [5k]
#21 24.00 [25/118, 00:08/00:56] install: etex [12k]
#21 24.30 [26/118, 00:08/00:56] install: etexcmds [3k]
#21 24.76 [27/118, 00:08/00:56] install: etoolbox [9k]
#21 24.99 [28/118, 00:09/01:03] install: euenc [4k]
#21 25.45 [29/118, 00:09/01:03] install: extractbb.aarch64-linux [1k]
#21 25.78 [30/118, 00:09/01:03] install: extractbb [6k]
#21 26.33 [31/118, 00:10/01:10] install: fancyvrb [12k]
#21 26.53 [32/118, 00:10/01:10] install: filehook [5k]
#21 26.71 [33/118, 00:10/01:10] install: firstaid [6k]
#21 27.18 [34/118, 00:11/01:17] install: float [3k]
#21 27.42 [35/118, 00:11/01:17] install: fontspec [27k]
#21 27.68 [36/118, 00:11/01:16] install: framed [8k]
#21 27.90 [37/118, 00:12/01:23] install: geometry [9k]
#21 28.37 [38/118, 00:12/01:23] install: gettitlestring [3k]
#21 28.86 [39/118, 00:13/01:30] install: glyphlist [25k]
#21 29.07 [40/118, 00:13/01:29] install: graphics [16k]
#21 29.32 [41/118, 00:13/01:29] install: graphics-cfg [2k]
#21 29.54 [42/118, 00:13/01:29] install: graphics-def [11k]
#21 29.76 [43/118, 00:13/01:29] install: helvetic [527k]
#21 30.11 [44/118, 00:14/01:27] install: hycolor [4k]
#21 30.27 [45/118, 00:14/01:27] install: hyperref [87k]
#21 30.52 [46/118, 00:14/01:26] install: hyph-utf8 [16k]
#21 30.71 [47/118, 00:14/01:25] install: iftex [4k]
#21 30.89 [48/118, 00:15/01:32] install: inconsolata [293k]
#21 31.30 [49/118, 00:15/01:27] install: infwarerr [3k]
#21 31.56 [50/118, 00:15/01:27] install: intcalc [6k]
#21 31.76 [51/118, 00:15/01:27] install: knuth-lib [30k]
#21 32.05 [52/118, 00:16/01:33] install: kvdefinekeys [3k]
#21 32.22 [53/118, 00:16/01:33] install: kvoptions [8k]
#21 32.45 [54/118, 00:16/01:32] install: kvsetkeys [4k]
#21 32.66 [55/118, 00:16/01:32] install: l3backend [17k]
#21 32.87 [56/118, 00:17/01:38] install: l3kernel [185k]
#21 33.18 [57/118, 00:17/01:35] install: l3packages [20k]
#21 33.47 [58/118, 00:17/01:35] install: latex [254k]
#21 33.78 [59/118, 00:17/01:31] install: latex-amsmath-dev [31k]
#21 34.05 [60/118, 00:18/01:36] install: latex-bin.aarch64-linux [1k]
#21 34.55 [61/118, 00:18/01:36] install: latex-bin [1k]
#21 34.88 [62/118, 00:19/01:42] install: latex-fonts [18k]
#21 35.13 [63/118, 00:19/01:41] install: latex-tools-dev [47k]
#21 35.36 [64/118, 00:19/01:41] install: latexconfig [3k]
#21 35.61 [65/118, 00:19/01:41] install: latexmk.aarch64-linux [1k]
#21 36.28 [66/118, 00:20/01:46] install: latexmk [122k]
#21 36.56 [67/118, 00:20/01:44] install: letltxmacro [3k]
#21 36.81 [68/118, 00:20/01:44] install: lm [11665k]
#21 38.37 [69/118, 00:22/00:43] install: lm-math [369k]
#21 38.64 [70/118, 00:22/00:42] install: ltxcmds [5k]
#21 38.91 [71/118, 00:23/00:44] install: lua-alt-getopt [2k]
#21 39.14 [72/118, 00:23/00:44] install: lua-uni-algos [13k]
#21 39.42 [73/118, 00:23/00:44] install: luahbtex.aarch64-linux [2271k]
#21 40.08 [74/118, 00:24/00:41] install: luahbtex [1k]
#21 40.26 [75/118, 00:24/00:41] install: lualatex-math [4k]
#21 40.48 [76/118, 00:24/00:41] install: lualibs [131k]
#21 40.87 [77/118, 00:25/00:42] install: luaotfload.aarch64-linux [1k]
#21 41.25 [78/118, 00:25/00:42] install: luaotfload [609k]
#21 41.61 [79/118, 00:25/00:41] install: luatex.aarch64-linux [1684k]
#21 42.17 [80/118, 00:26/00:39] install: luatex [10k]
#21 42.39 [81/118, 00:26/00:39] install: luatexbase [4k]
#21 42.64 [82/118, 00:26/00:39] install: mdwtools [19k]
#21 42.90 [83/118, 00:27/00:41] install: metafont.aarch64-linux [185k]
#21 43.31 [84/118, 00:27/00:41] install: metafont [9k]
#21 43.56 [85/118, 00:27/00:41] install: mfware.aarch64-linux [117k]
#21 43.93 [86/118, 00:28/00:42] install: mfware [4k]
#21 44.26 [87/118, 00:28/00:42] install: modes [27k]
#21 44.44 [88/118, 00:28/00:42] install: natbib [17k]
#21 44.69 [89/118, 00:28/00:42] install: pdfescape [5k]
#21 44.87 [90/118, 00:29/00:43] install: pdftex.aarch64-linux [770k]
#21 45.43 [91/118, 00:29/00:42] install: pdftex [39k]
#21 45.71 [92/118, 00:29/00:42] install: pdftexcmds [7k]
#21 45.93 [93/118, 00:30/00:43] install: plain [29k]
#21 46.16 [94/118, 00:30/00:43] install: psnfss [12k]
#21 46.41 [95/118, 00:30/00:43] install: refcount [3k]
#21 46.61 [96/118, 00:30/00:43] install: rerunfilecheck [4k]
#21 47.53 [97/118, 00:31/00:45] install: selnolig [53k]
#21 47.96 [98/118, 00:32/00:46] install: stringenc [23k]
#21 48.38 [99/118, 00:32/00:46] install: symbol [36k]
#21 48.62 [100/118, 00:32/00:46] install: tex.aarch64-linux [173k]
#21 48.99 [101/118, 00:33/00:47] install: tex [1k]
#21 49.18 [102/118, 00:33/00:47] install: tex-ini-files [5k]
#21 49.47 [103/118, 00:33/00:47] install: texlive-scripts-extra.aarch64-linux [1k]
#21 49.82 [104/118, 00:33/00:47] install: texlive-scripts-extra [22k]
#21 50.06 [105/118, 00:34/00:48] install: times [281k]
#21 50.41 [106/118, 00:34/00:48] install: tipa [2809k]
#21 50.99 [107/118, 00:35/00:44] install: tools [47k]
#21 51.24 [108/118, 00:35/00:44] install: unicode-data [310k]
#21 51.64 [109/118, 00:35/00:44] install: unicode-math [42k]
#21 51.87 [110/118, 00:36/00:45] install: uniquecounter [3k]
#21 52.06 [111/118, 00:36/00:45] install: url [6k]
#21 52.31 [112/118, 00:36/00:45] install: xcolor [18k]
#21 52.53 [113/118, 00:36/00:45] install: xetex.aarch64-linux [7549k]
#21 53.97 [114/118, 00:38/00:38] install: xetex [8k]
#21 54.20 [115/118, 00:38/00:38] install: xetexconfig [1k]
#21 54.41 [116/118, 00:38/00:38] install: xkeyval [9k]
#21 54.68 [117/118, 00:38/00:38] install: xunicode [26k]
#21 54.92 [118/118, 00:39/00:39] install: zapfding [46k]
#21 55.14 running mktexlsr ...
#21 55.19 done running mktexlsr.
#21 55.20 running updmap-sys ...
#21 55.34 done running updmap-sys.
#21 55.34 regenerating fmtutil.cnf in /root/.TinyTeX/texmf-dist
#21 55.34 running fmtutil-sys --byengine tex --no-error-if-no-format --no-error-if-no-engine=luametatex,luajithbtex,luajittex,mfluajit --status-file=/tmp/agmcUSkc0S/VfFbcqwKCg ...
#21 55.44   OK: tex.fmt/tex
#21 55.44 running fmtutil-sys --byengine pdftex --no-error-if-no-format --no-error-if-no-engine=luametatex,luajithbtex,luajittex,mfluajit --status-file=/tmp/agmcUSkc0S/VfFbcqwKCg ...
#21 70.52   OK: pdftex.fmt/pdftex latex.fmt/pdftex pdflatex.fmt/pdftex pdfetex.fmt/pdftex etex.fmt/pdftex
#21 70.52 running fmtutil-sys --byengine xetex --no-error-if-no-format --no-error-if-no-engine=luametatex,luajithbtex,luajittex,mfluajit --status-file=/tmp/agmcUSkc0S/VfFbcqwKCg ...
#21 82.39   OK: xetex.fmt/xetex xelatex.fmt/xetex
#21 82.39 running fmtutil-sys --byengine luahbtex --no-error-if-no-format --no-error-if-no-engine=luametatex,luajithbtex,luajittex,mfluajit --status-file=/tmp/agmcUSkc0S/VfFbcqwKCg ...
#21 84.71   OK: luahbtex.fmt/luahbtex lualatex.fmt/luahbtex
#21 84.71 running fmtutil-sys --byengine luatex --no-error-if-no-format --no-error-if-no-engine=luametatex,luajithbtex,luajittex,mfluajit --status-file=/tmp/agmcUSkc0S/VfFbcqwKCg ...
#21 87.53   OK: luatex.fmt/luatex dvilualatex.fmt/luatex dviluatex.fmt/luatex
#21 87.53 running fmtutil-sys --byfmt mf --no-error-if-no-engine=luametatex,luajithbtex,luajittex,mfluajit --status-file=/tmp/agmcUSkc0S/VfFbcqwKCg ...
#21 87.62   OK: mf.fmt/mf-nowin
#21 87.62 tlmgr: package log updated: /root/.TinyTeX/texmf-var/web2c/tlmgr.log
#21 87.62 tlmgr: command log updated: /root/.TinyTeX/texmf-var/web2c/tlmgr-commands.log
#21 87.90 tlmgr option sys_bin ~/bin
#21 88.03 tlmgr: setting option sys_bin to /root/bin.
#21 88.03 tlmgr: updating /root/.TinyTeX/tlpkg/texlive.tlpdb
#21 88.71 tlmgr option repository 'https://us.mirrors.cicku.me/ctan/systems/texlive/tlnet'
#21 88.84 tlmgr: setting default package repository to https://us.mirrors.cicku.me/ctan/systems/texlive/tlnet
#21 88.84 tlmgr: updating /root/.TinyTeX/tlpkg/texlive.tlpdb
#21 88.85 tlmgr update --list
#21 89.76 tlmgr: package repository https://us.mirrors.cicku.me/ctan/systems/texlive/tlnet (verified)
#21 89.76 tlmgr: no updates available
#21 89.82 You may have to restart your system after installing TinyTeX to make sure ~/bin appears in your PATH variable (https://github.com/rstudio/tinytex/issues/16).
#21 DONE 90.0s

#22 [17/17] RUN Rscript -e "renv::status()"
#22 2.176 - The project is out-of-sync -- use `renv::status()` for details.
#22 2.969 The following package(s) are in an inconsistent state:
#22 2.969 
#22 2.970  package        installed recorded used
#22 2.970  MetaboAnalystR y         y        n   
#22 2.970  TernTablesR    y         y        n   
#22 2.971 
#22 3.045 See `?renv::status` for advice on resolving these issues.
#22 DONE 3.1s

#23 exporting to image
#23 exporting layers
#23 exporting layers 52.3s done
#23 exporting manifest sha256:54bb34617f6e57edb5fa357caef91b5d7003e44458998613636d55ee27d72f64 done
#23 exporting config sha256:466b2d39833b1db9fb7bb0c6031526a9483dd56615c705c77ffa01659f5646ad done
#23 exporting attestation manifest sha256:1e9dcbf8648bdc133edb2db36d90fae5cc6e29d498d5aaf2b01f739fe1e5c352 done
#23 exporting manifest list sha256:bee8b66c8e500faf42f300fd9be5bc2f84023ab96f62450a992f51547e96d994 done
#23 naming to docker.io/jdpreston30/pgd-preop-metabolomics:latest done
#23 unpacking to docker.io/jdpreston30/pgd-preop-metabolomics:latest
#23 unpacking to docker.io/jdpreston30/pgd-preop-metabolomics:latest 13.1s done
#23 DONE 65.4s
